LoginPlayerManager Start ServerSocket At Port: 7384 (-1219467568)(T0=2017-8-17_22:1:52 T1=2.9020)
ServerThread::run() Thread ID:-1380156560 LoginID:2... (-1380156560)(T0=2017-8-17_22:1:52 T1=2.9320)
ERROR: ConnectWorldServer( ) IP:192.168.1.3 Port:777 ServerID:2,Step: 2 ...Faile  (-1380156560)(T0=2017-8-17_22:1:53 T1=3.1360)
Exception: ConnectWorldServer() step : 2 (-1380156560)(T0=2017-8-17_22:1:53 T1=3.1360)
ProcessManager::DoTick TurnPlayer Number:0 ValidNum:0 InvalidNum:0 (-1724257424)(T0=2017-8-17_22:2:10 T1=20.2100)
ERROR: ConnectBillingServer( ) Pos:0 IP:192.168.1.33 Port:12680 ServerID:2 ...Faile  (-1380156560)(T0=2017-8-17_22:2:16 T1=26.4720)
Send LOGIN_SERVER state=LNOTIFY_BILLING_DISCONNECT to World...OK  (-1380156560)(T0=2017-8-17_22:2:18 T1=28.6560)
ServerManager::Tick WorldTurnPlayer Number:0 ValidNum:0 InvalidNum:0 (-1380156560)(T0=2017-8-17_22:2:18 T1=28.6780)
ConnectServer( ) IP:192.168.1.3 Port:777 ...OK  (-1380156560)(T0=2017-8-17_22:2:18 T1=28.9300)
ConnectWorldServer( ) Current ServerID:2 ...OK  (-1380156560)(T0=2017-8-17_22:2:18 T1=28.9300)
ProcessManager::DoTick TurnPlayer Number:0 ValidNum:0 InvalidNum:0 (-1724257424)(T0=2017-8-17_22:2:30 T1=40.2750)
ERROR: ConnectBillingServer( ) Pos:0 IP:192.168.1.33 Port:12680 ServerID:2 ...Faile  (-1380156560)(T0=2017-8-17_22:2:39 T1=50.0250)
Send LOGIN_SERVER state=LNOTIFY_BILLING_DISCONNECT to World...OK  (-1380156560)(T0=2017-8-17_22:2:42 T1=52.2230)
ServerManager::Tick WorldTurnPlayer Number:0 ValidNum:0 InvalidNum:0 (-1380156560)(T0=2017-8-17_22:2:42 T1=52.2400)
ProcessManager::DoTick TurnPlayer Number:0 ValidNum:0 InvalidNum:0 (-1724257424)(T0=2017-8-17_22:2:50 T1=60.4300)
ERROR: ConnectBillingServer( ) Pos:0 IP:192.168.1.33 Port:12680 ServerID:2 ...Faile  (-1380156560)(T0=2017-8-17_22:3:3 T1=73.5830)
Send LOGIN_SERVER state=LNOTIFY_BILLING_DISCONNECT to World...OK  (-1380156560)(T0=2017-8-17_22:3:5 T1=75.7900)
ServerManager::Tick WorldTurnPlayer Number:0 ValidNum:0 InvalidNum:0 (-1380156560)(T0=2017-8-17_22:3:5 T1=75.8020)
WLBillingKickHandler::Execute ...OK WorldID=101 (-1380156560)(T0=2017-8-17_22:3:6 T1=76.2370)
ProcessManager::DoTick TurnPlayer Number:0 ValidNum:0 InvalidNum:0 (-1724257424)(T0=2017-8-17_22:3:10 T1=80.5020)
ERROR: ConnectBillingServer( ) Pos:0 IP:192.168.1.33 Port:12680 ServerID:2 ...Faile  (-1380156560)(T0=2017-8-17_22:3:27 T1=97.2610)
Send LOGIN_SERVER state=LNOTIFY_BILLING_DISCONNECT to World...OK  (-1380156560)(T0=2017-8-17_22:3:29 T1=99.2750)
ServerManager::Tick WorldTurnPlayer Number:0 ValidNum:0 InvalidNum:0 (-1380156560)(T0=2017-8-17_22:3:29 T1=99.3000)
ProcessManager::DoTick TurnPlayer Number:0 ValidNum:0 InvalidNum:0 (-1724257424)(T0=2017-8-17_22:3:30 T1=100.5800)
ERROR: ConnectBillingServer( ) Pos:0 IP:192.168.1.33 Port:12680 ServerID:2 ...Faile  (-1380156560)(T0=2017-8-17_22:3:50 T1=120.4970)
ProcessManager::DoTick TurnPlayer Number:0 ValidNum:0 InvalidNum:0 (-1724257424)(T0=2017-8-17_22:3:50 T1=120.6430)
Send LOGIN_SERVER state=LNOTIFY_BILLING_DISCONNECT to World...OK  (-1380156560)(T0=2017-8-17_22:3:52 T1=122.4980)
ServerManager::Tick WorldTurnPlayer Number:0 ValidNum:0 InvalidNum:0 (-1380156560)(T0=2017-8-17_22:3:52 T1=122.5180)
SSScenePlayerCountHandler ServerID=0 PlayerPoolSize=0 OK  (-1380156560)(T0=2017-8-17_22:3:52 T1=122.7460)
SSScenePlayerCountHandler ServerID=0 PlayerPoolSize=0 OK  (-1380156560)(T0=2017-8-17_22:3:52 T1=122.7460)
ProcessManager::DoTick TurnPlayer Number:0 ValidNum:0 InvalidNum:0 (-1724257424)(T0=2017-8-17_22:4:10 T1=140.7740)
ERROR: ConnectBillingServer( ) Pos:0 IP:192.168.1.33 Port:12680 ServerID:2 ...Faile  (-1380156560)(T0=2017-8-17_22:4:13 T1=143.7450)
Send LOGIN_SERVER state=LNOTIFY_BILLING_DISCONNECT to World...OK  (-1380156560)(T0=2017-8-17_22:4:15 T1=145.7630)
ServerManager::Tick WorldTurnPlayer Number:0 ValidNum:0 InvalidNum:0 (-1380156560)(T0=2017-8-17_22:4:15 T1=145.7630)
SSScenePlayerCountHandler ServerID=0 PlayerPoolSize=0 OK  (-1380156560)(T0=2017-8-17_22:4:15 T1=145.9640)
ProcessManager::DoTick TurnPlayer Number:0 ValidNum:0 InvalidNum:0 (-1724257424)(T0=2017-8-17_22:4:30 T1=160.8410)
ERROR: ConnectBillingServer( ) Pos:0 IP:192.168.1.33 Port:12680 ServerID:2 ...Faile  (-1380156560)(T0=2017-8-17_22:4:36 T1=166.9610)
Send LOGIN_SERVER state=LNOTIFY_BILLING_DISCONNECT to World...OK  (-1380156560)(T0=2017-8-17_22:4:38 T1=168.9800)
ServerManager::Tick WorldTurnPlayer Number:0 ValidNum:0 InvalidNum:0 (-1380156560)(T0=2017-8-17_22:4:38 T1=168.9970)
SSScenePlayerCountHandler ServerID=0 PlayerPoolSize=0 OK  (-1380156560)(T0=2017-8-17_22:4:39 T1=169.1980)
SSScenePlayerCountHandler ServerID=0 PlayerPoolSize=0 OK  (-1380156560)(T0=2017-8-17_22:4:39 T1=169.1980)
ProcessManager::DoTick TurnPlayer Number:0 ValidNum:0 InvalidNum:0 (-1724257424)(T0=2017-8-17_22:4:50 T1=180.9650)
ERROR: ConnectBillingServer( ) Pos:0 IP:192.168.1.33 Port:12680 ServerID:2 ...Faile  (-1380156560)(T0=2017-8-17_22:5:0 T1=190.1970)
Send LOGIN_SERVER state=LNOTIFY_BILLING_DISCONNECT to World...OK  (-1380156560)(T0=2017-8-17_22:5:2 T1=192.2230)
ServerManager::Tick WorldTurnPlayer Number:0 ValidNum:0 InvalidNum:0 (-1380156560)(T0=2017-8-17_22:5:2 T1=192.2400)
SSScenePlayerCountHandler ServerID=0 PlayerPoolSize=0 OK  (-1380156560)(T0=2017-8-17_22:5:2 T1=192.4400)
SSScenePlayerCountHandler ServerID=0 PlayerPoolSize=0 OK  (-1380156560)(T0=2017-8-17_22:5:2 T1=192.4400)
ProcessManager::DoTick TurnPlayer Number:0 ValidNum:0 InvalidNum:0 (-1724257424)(T0=2017-8-17_22:5:11 T1=201.0780)
ERROR: ConnectBillingServer( ) Pos:0 IP:192.168.1.33 Port:12680 ServerID:2 ...Faile  (-1380156560)(T0=2017-8-17_22:5:23 T1=213.4370)
Send LOGIN_SERVER state=LNOTIFY_BILLING_DISCONNECT to World...OK  (-1380156560)(T0=2017-8-17_22:5:25 T1=215.4550)
ServerManager::Tick WorldTurnPlayer Number:0 ValidNum:0 InvalidNum:0 (-1380156560)(T0=2017-8-17_22:5:25 T1=215.4770)
SSScenePlayerCountHandler ServerID=0 PlayerPoolSize=0 OK  (-1380156560)(T0=2017-8-17_22:5:25 T1=215.6780)
ConnectServer( ) Pos:0 IP:192.168.1.33 Port:12680 ...OK  (-1380156560)(T0=2017-8-17_22:5:28 T1=218.6780)
ConnectBillingServer( ) Current ServerID:2 ...OK  (-1380156560)(T0=2017-8-17_22:5:28 T1=218.6920)
Send LOGIN_SERVER state=LNOTIFY_BILLING_DISCONNECT to World...OK  (-1380156560)(T0=2017-8-17_22:5:28 T1=218.6920)
ServerManager::Tick WorldTurnPlayer Number:0 ValidNum:0 InvalidNum:0 (-1380156560)(T0=2017-8-17_22:5:28 T1=218.6930)
BLRetConnectHandler::Execute() ... OK! (-1380156560)(T0=2017-8-17_22:5:29 T1=219.1360)
BLRetKeepLiveHandler::Execute() ... OK! (-1380156560)(T0=2017-8-17_22:5:29 T1=219.5410)
ProcessManager::DoTick TurnPlayer Number:0 ValidNum:0 InvalidNum:0 (-1724257424)(T0=2017-8-17_22:5:31 T1=221.1190)
SSScenePlayerCountHandler ServerID=0 PlayerPoolSize=0 OK  (-1380156560)(T0=2017-8-17_22:5:32 T1=222.5640)
ServerManager::Tick WorldTurnPlayer Number:0 ValidNum:0 InvalidNum:0 (-1380156560)(T0=2017-8-17_22:5:45 T1=235.8160)
SSScenePlayerCountHandler ServerID=0 PlayerPoolSize=0 OK  (-1380156560)(T0=2017-8-17_22:5:47 T1=237.4400)
ProcessManager::DoTick TurnPlayer Number:0 ValidNum:0 InvalidNum:0 (-1724257424)(T0=2017-8-17_22:5:51 T1=241.1910)
BLRetKeepLiveHandler::Execute() ... OK! (-1380156560)(T0=2017-8-17_22:5:59 T1=249.7200)
AcceptNewConnection(SOCKET=46, IP=192.168.1.33)...OK (-1371763856)(T0=2017-8-17_22:6:0 T1=250.8110)
AcceptNewConnection(SOCKET=-1,IP=,Step=15)...Fails (-1371763856)(T0=2017-8-17_22:6:0 T1=250.8270)
CLConnectHandler::Execute(...)...OK,IP = 192.168.1.3,Port = 7384 (-1371763856)(T0=2017-8-17_22:6:0 T1=251.0270)
MIBAO:CLAskLoginHandler Receive Account=gamera PlayerID=0...idx=1,[c5]= (-1371763856)(T0=2017-8-17_22:6:1 T1=251.4290)
MIBAO:CLAskLoginHandler Receive Account=gamera PlayerID=0...idx=2,[a7]= (-1371763856)(T0=2017-8-17_22:6:1 T1=251.4290)
MIBAO:CLAskLoginHandler Receive Account=gamera PlayerID=0...idx=3,[f6]= (-1371763856)(T0=2017-8-17_22:6:1 T1=251.4290)
CLAskLoginHandler::Execute(...) Account:gamera PlayerID=0 MAC=c7f2b42a399cc39d488145bc9670f7a3...OK  (-1371763856)(T0=2017-8-17_22:6:1 T1=251.4290)
LBAskAuthHandler::Execute() Acc=gamera....OK (-1380156560)(T0=2017-8-17_22:6:1 T1=251.5300)
BLRetAccCheckHandler... Acc = gamera Success! (-1380156560)(T0=2017-8-17_22:6:1 T1=251.9310)
BLRetAuthHandler Acc=gamera, SetAccFatigueSign=N, SetAccOnlineTime=0s,PhoneBind=N,							 IPBind=N,MiBaoBind=N,MacBind=N,ReadNameBind=N,InputNameBind=N,PhoneMiBaoBind=N,IsPilfered=0 (-1724257424)(T0=2017-8-17_22:6:2 T1=252.2500)
BLRetAuthHandler::Execute()....OK! acc = gamera  (-1724257424)(T0=2017-8-17_22:6:2 T1=252.2500)
LWNotifyUserHandler ServerManager Send LWNotifyUser(gamera) to world! Success! (-1380156560)(T0=2017-8-17_22:6:2 T1=252.3320)
LWNotifyUserHandler::Execute() ....OK (-1380156560)(T0=2017-8-17_22:6:2 T1=252.3320)
SSScenePlayerCountHandler ServerID=0 PlayerPoolSize=0 OK  (-1380156560)(T0=2017-8-17_22:6:2 T1=252.5330)
WLNotifyUserHandler::Execute()....acc=gamera status=1 ask status Success (-1724257424)(T0=2017-8-17_22:6:2 T1=252.8520)
CLAskCharListHandler::Execute()....OK! Acc=gamera CharNum=0 (-1388549264)(T0=2017-8-17_22:6:4 T1=254.4210)
LCRetCharListHandler::Execute() ....OK (-1724257424)(T0=2017-8-17_22:6:4 T1=254.4590)
CLAskCreateCodeHandler::Execute(...)...OK!!! acc=gamera (-1724257424)(T0=2017-8-17_22:6:5 T1=255.2820)
ServerManager::Tick WorldTurnPlayer Number:0 ValidNum:0 InvalidNum:0 (-1380156560)(T0=2017-8-17_22:6:5 T1=255.9460)
CLAskCreateCodeHandler::Execute(...)...OK!!! acc=gamera (-1724257424)(T0=2017-8-17_22:6:8 T1=258.4930)
ProcessManager::DoTick TurnPlayer Number:0 ValidNum:0 InvalidNum:0 (-1724257424)(T0=2017-8-17_22:6:11 T1=261.3040)
SSScenePlayerCountHandler ServerID=0 PlayerPoolSize=0 OK  (-1380156560)(T0=2017-8-17_22:6:17 T1=267.5820)
CLAskCreateCharHandler::Execute()....OK! 				Account = gamera CharGuid = 3C33609F CharName = Shame (-1388549264)(T0=2017-8-17_22:6:19 T1=269.9020)
LCRetCreateCharHandler::Execute() ....OK,acc=gamera (-1724257424)(T0=2017-8-17_22:6:19 T1=269.9340)
LCRetCharListHandler::Execute() ....OK (-1724257424)(T0=2017-8-17_22:6:19 T1=269.9340)
ServerManager::Tick WorldTurnPlayer Number:0 ValidNum:0 InvalidNum:0 (-1380156560)(T0=2017-8-17_22:6:25 T1=276.0090)
BLRetKeepLiveHandler::Execute() ... OK! (-1380156560)(T0=2017-8-17_22:6:29 T1=279.8210)
ProcessManager::DoTick TurnPlayer Number:0 ValidNum:0 InvalidNum:0 (-1724257424)(T0=2017-8-17_22:6:31 T1=281.3740)
SSScenePlayerCountHandler ServerID=0 PlayerPoolSize=0 OK  (-1380156560)(T0=2017-8-17_22:6:32 T1=282.6310)
ServerManager::Tick WorldTurnPlayer Number:0 ValidNum:0 InvalidNum:0 (-1380156560)(T0=2017-8-17_22:6:46 T1=296.0820)
SSScenePlayerCountHandler ServerID=0 PlayerPoolSize=0 OK  (-1380156560)(T0=2017-8-17_22:6:47 T1=297.6900)
ProcessManager::DoTick TurnPlayer Number:0 ValidNum:0 InvalidNum:0 (-1724257424)(T0=2017-8-17_22:6:51 T1=301.4430)
CLAskLoginCodeHandler::Execute(...)...OK!!! acc=gamera (-1724257424)(T0=2017-8-17_22:6:53 T1=303.6490)
CLAskLoginCodeHandler::Execute(...)...OK!!! acc=gamera (-1724257424)(T0=2017-8-17_22:6:56 T1=306.2580)
CLAskCharLoginHandler::Execute()....OK!, acc= gamera guid = 3C33609F  (-1388549264)(T0=2017-8-17_22:6:57 T1=307.6830)
SendQueuePlayerToWorld...Send Success..GUID=1010000031 Scene=0 (-1380156560)(T0=2017-8-17_22:6:57 T1=307.7300)
WLRetCharLoginHandler:acc=gamera,charguid=3C33609F ,nMagicIntSave=242457043,nMagicIntNow=242457043,nLogouttime=0 MagicInt Check OK (-1388549264)(T0=2017-8-17_22:6:58 T1=308.2900)
WLRetCharLoginHandler::Execute()....acc=gamera,GUID=3C33609F,Set IPRegion=1 (-1388549264)(T0=2017-8-17_22:6:58 T1=308.3100)
WLRetCharLoginHandler::Execute()....OK!,acc=gamera, AccountSafeSign=0 (-1388549264)(T0=2017-8-17_22:6:58 T1=308.3100)
LWAskCharLoginHandler::Execute() ....OK (-1380156560)(T0=2017-8-17_22:6:58 T1=308.3350)
BLRetKeepLiveHandler::Execute() ... OK! (-1380156560)(T0=2017-8-17_22:6:59 T1=309.9400)
WLBillingStartHandler::Execute ...OK acc=gamera,charname=Shame,charguid=3C33609F,charlvl=10,st=1502978821 (-1380156560)(T0=2017-8-17_22:7:1 T1=311.5440)
SSScenePlayerCountHandler::Execute()....OK,WorldPlayerCount = 1 (-1380156560)(T0=2017-8-17_22:7:1 T1=311.7450)
SSScenePlayerCountHandler::Execute()....OK,WorldPlayerCount1 = 1 (-1724257424)(T0=2017-8-17_22:7:1 T1=311.8970)
BLRetBillingStart::Execute()...Acc=gamera Billing Start ft=0,lt=10000 (-1380156560)(T0=2017-8-17_22:7:1 T1=311.9450)
BLRetBillingStart::Execute()...Send Packet LWRetBillingStart (-1380156560)(T0=2017-8-17_22:7:1 T1=311.9450)
WLRetCharLoginHandler::Execute()...Online ,Acc=gamera,ProxyType=0,GUID=3C33609F,IP=192.168.1.3,Port=3731,SID=0 (-1724257424)(T0=2017-8-17_22:7:2 T1=312.4990)
SSScenePlayerCountHandler ServerID=0 PlayerPoolSize=0 OK  (-1380156560)(T0=2017-8-17_22:7:2 T1=312.7480)
[1708172207] m_pSocketInputStream->Fill ret:-8 EWOULDBLOCK (-1724257424)(T0=2017-8-17_22:7:2 T1=312.9000)
ProcessPlayerManager::RemovePlayer Disconnect(SOCKET=46)...OK (-1724257424)(T0=2017-8-17_22:7:2 T1=312.9000)
ProcessPlayerManager::Real RemovePlayer(AccountName =gamera)...OK (-1724257424)(T0=2017-8-17_22:7:2 T1=312.9000)
ServerManager::Tick WorldTurnPlayer Number:0 ValidNum:0 InvalidNum:0 (-1380156560)(T0=2017-8-17_22:7:6 T1=316.1600)
ProcessManager::DoTick TurnPlayer Number:0 ValidNum:0 InvalidNum:0 (-1724257424)(T0=2017-8-17_22:7:11 T1=321.5270)
SSScenePlayerCountHandler ServerID=0 PlayerPoolSize=1 OK  (-1380156560)(T0=2017-8-17_22:7:17 T1=327.7940)
ServerManager::Tick WorldTurnPlayer Number:0 ValidNum:0 InvalidNum:0 (-1380156560)(T0=2017-8-17_22:7:26 T1=336.2190)
BLRetKeepLiveHandler::Execute() ... OK! (-1380156560)(T0=2017-8-17_22:7:29 T1=340.0320)
ProcessManager::DoTick TurnPlayer Number:0 ValidNum:0 InvalidNum:0 (-1724257424)(T0=2017-8-17_22:7:31 T1=341.6020)
SSScenePlayerCountHandler ServerID=0 PlayerPoolSize=1 OK  (-1380156560)(T0=2017-8-17_22:7:32 T1=342.8450)
ServerManager::Tick WorldTurnPlayer Number:0 ValidNum:0 InvalidNum:0 (-1380156560)(T0=2017-8-17_22:7:46 T1=356.2910)
SSScenePlayerCountHandler ServerID=0 PlayerPoolSize=1 OK  (-1380156560)(T0=2017-8-17_22:7:47 T1=357.8950)
ProcessManager::DoTick TurnPlayer Number:0 ValidNum:0 InvalidNum:0 (-1724257424)(T0=2017-8-17_22:7:51 T1=361.6650)
BLRetKeepLiveHandler::Execute() ... OK! (-1380156560)(T0=2017-8-17_22:8:0 T1=370.1350)
SSScenePlayerCountHandler ServerID=0 PlayerPoolSize=1 OK  (-1380156560)(T0=2017-8-17_22:8:2 T1=372.9430)
ServerManager::Tick WorldTurnPlayer Number:0 ValidNum:0 InvalidNum:0 (-1380156560)(T0=2017-8-17_22:8:6 T1=376.3550)
ProcessManager::DoTick TurnPlayer Number:0 ValidNum:0 InvalidNum:0 (-1724257424)(T0=2017-8-17_22:8:11 T1=381.7340)
SSScenePlayerCountHandler ServerID=0 PlayerPoolSize=1 OK  (-1380156560)(T0=2017-8-17_22:8:17 T1=388.0000)
ServerManager::Tick WorldTurnPlayer Number:0 ValidNum:0 InvalidNum:0 (-1380156560)(T0=2017-8-17_22:8:26 T1=396.4240)
BLRetKeepLiveHandler::Execute() ... OK! (-1380156560)(T0=2017-8-17_22:8:30 T1=400.2380)
ProcessManager::DoTick TurnPlayer Number:0 ValidNum:0 InvalidNum:0 (-1724257424)(T0=2017-8-17_22:8:31 T1=401.8010)
SSScenePlayerCountHandler ServerID=0 PlayerPoolSize=1 OK  (-1380156560)(T0=2017-8-17_22:8:33 T1=403.0470)
ServerManager::Tick WorldTurnPlayer Number:0 ValidNum:0 InvalidNum:0 (-1380156560)(T0=2017-8-17_22:8:46 T1=416.4900)
SSScenePlayerCountHandler ServerID=0 PlayerPoolSize=1 OK  (-1380156560)(T0=2017-8-17_22:8:48 T1=418.0980)
ProcessManager::DoTick TurnPlayer Number:0 ValidNum:0 InvalidNum:0 (-1724257424)(T0=2017-8-17_22:8:51 T1=421.8710)
BLRetKeepLiveHandler::Execute() ... OK! (-1380156560)(T0=2017-8-17_22:9:0 T1=430.3390)
SSScenePlayerCountHandler ServerID=0 PlayerPoolSize=1 OK  (-1380156560)(T0=2017-8-17_22:9:3 T1=433.1490)
ServerManager::Tick WorldTurnPlayer Number:0 ValidNum:0 InvalidNum:0 (-1380156560)(T0=2017-8-17_22:9:6 T1=436.5600)
ProcessManager::DoTick TurnPlayer Number:0 ValidNum:0 InvalidNum:0 (-1724257424)(T0=2017-8-17_22:9:11 T1=441.9340)
SSScenePlayerCountHandler ServerID=0 PlayerPoolSize=1 OK  (-1380156560)(T0=2017-8-17_22:9:18 T1=448.2010)
ServerManager::Tick WorldTurnPlayer Number:0 ValidNum:0 InvalidNum:0 (-1380156560)(T0=2017-8-17_22:9:26 T1=456.6320)
BLRetKeepLiveHandler::Execute() ... OK! (-1380156560)(T0=2017-8-17_22:9:30 T1=460.4440)
ProcessManager::DoTick TurnPlayer Number:0 ValidNum:0 InvalidNum:0 (-1724257424)(T0=2017-8-17_22:9:31 T1=462.0050)
SSScenePlayerCountHandler ServerID=0 PlayerPoolSize=1 OK  (-1380156560)(T0=2017-8-17_22:9:33 T1=463.2560)
ServerManager::Tick WorldTurnPlayer Number:0 ValidNum:0 InvalidNum:0 (-1380156560)(T0=2017-8-17_22:9:46 T1=476.7060)
SSScenePlayerCountHandler ServerID=0 PlayerPoolSize=1 OK  (-1380156560)(T0=2017-8-17_22:9:48 T1=478.3120)
ProcessManager::DoTick TurnPlayer Number:0 ValidNum:0 InvalidNum:0 (-1724257424)(T0=2017-8-17_22:9:52 T1=482.0700)
BLRetKeepLiveHandler::Execute() ... OK! (-1380156560)(T0=2017-8-17_22:10:0 T1=490.5540)
SSScenePlayerCountHandler ServerID=0 PlayerPoolSize=1 OK  (-1380156560)(T0=2017-8-17_22:10:3 T1=493.3650)
ServerManager::Tick WorldTurnPlayer Number:0 ValidNum:0 InvalidNum:0 (-1380156560)(T0=2017-8-17_22:10:6 T1=496.7780)
ProcessManager::DoTick TurnPlayer Number:0 ValidNum:0 InvalidNum:0 (-1724257424)(T0=2017-8-17_22:10:12 T1=502.1350)
SSScenePlayerCountHandler ServerID=0 PlayerPoolSize=1 OK  (-1380156560)(T0=2017-8-17_22:10:18 T1=508.4170)
ServerManager::Tick WorldTurnPlayer Number:0 ValidNum:0 InvalidNum:0 (-1380156560)(T0=2017-8-17_22:10:26 T1=516.8480)
BLRetKeepLiveHandler::Execute() ... OK! (-1380156560)(T0=2017-8-17_22:10:30 T1=520.6600)
ProcessManager::DoTick TurnPlayer Number:0 ValidNum:0 InvalidNum:0 (-1724257424)(T0=2017-8-17_22:10:32 T1=522.2100)
SSScenePlayerCountHandler ServerID=0 PlayerPoolSize=1 OK  (-1380156560)(T0=2017-8-17_22:10:33 T1=523.4720)
ServerManager::Tick WorldTurnPlayer Number:0 ValidNum:0 InvalidNum:0 (-1380156560)(T0=2017-8-17_22:10:46 T1=536.9150)
SSScenePlayerCountHandler ServerID=0 PlayerPoolSize=1 OK  (-1380156560)(T0=2017-8-17_22:10:48 T1=538.5190)
ProcessManager::DoTick TurnPlayer Number:0 ValidNum:0 InvalidNum:0 (-1724257424)(T0=2017-8-17_22:10:52 T1=542.2760)
BLRetKeepLiveHandler::Execute() ... OK! (-1380156560)(T0=2017-8-17_22:11:0 T1=550.7600)
SSScenePlayerCountHandler ServerID=0 PlayerPoolSize=1 OK  (-1380156560)(T0=2017-8-17_22:11:3 T1=553.5690)
ServerManager::Tick WorldTurnPlayer Number:0 ValidNum:0 InvalidNum:0 (-1380156560)(T0=2017-8-17_22:11:6 T1=556.9820)
ProcessManager::DoTick TurnPlayer Number:0 ValidNum:0 InvalidNum:0 (-1724257424)(T0=2017-8-17_22:11:12 T1=562.3420)
SSScenePlayerCountHandler ServerID=0 PlayerPoolSize=1 OK  (-1380156560)(T0=2017-8-17_22:11:18 T1=568.6180)
ServerManager::Tick WorldTurnPlayer Number:0 ValidNum:0 InvalidNum:0 (-1380156560)(T0=2017-8-17_22:11:27 T1=577.0450)
BLRetKeepLiveHandler::Execute() ... OK! (-1380156560)(T0=2017-8-17_22:11:30 T1=580.8570)
ProcessManager::DoTick TurnPlayer Number:0 ValidNum:0 InvalidNum:0 (-1724257424)(T0=2017-8-17_22:11:32 T1=582.4070)
SSScenePlayerCountHandler ServerID=0 PlayerPoolSize=1 OK  (-1380156560)(T0=2017-8-17_22:11:33 T1=583.6690)
ServerManager::Tick WorldTurnPlayer Number:0 ValidNum:0 InvalidNum:0 (-1380156560)(T0=2017-8-17_22:11:47 T1=597.1120)
SSScenePlayerCountHandler ServerID=0 PlayerPoolSize=1 OK  (-1380156560)(T0=2017-8-17_22:11:48 T1=598.7180)
ProcessManager::DoTick TurnPlayer Number:0 ValidNum:0 InvalidNum:0 (-1724257424)(T0=2017-8-17_22:11:52 T1=602.4800)
BLRetKeepLiveHandler::Execute() ... OK! (-1380156560)(T0=2017-8-17_22:12:0 T1=610.9630)
SSScenePlayerCountHandler ServerID=0 PlayerPoolSize=1 OK  (-1380156560)(T0=2017-8-17_22:12:3 T1=613.7730)
ServerManager::Tick WorldTurnPlayer Number:0 ValidNum:0 InvalidNum:0 (-1380156560)(T0=2017-8-17_22:12:7 T1=617.1840)
ProcessManager::DoTick TurnPlayer Number:0 ValidNum:0 InvalidNum:0 (-1724257424)(T0=2017-8-17_22:12:12 T1=622.5500)
SSScenePlayerCountHandler ServerID=0 PlayerPoolSize=1 OK  (-1380156560)(T0=2017-8-17_22:12:18 T1=628.8220)
ServerManager::Tick WorldTurnPlayer Number:0 ValidNum:0 InvalidNum:0 (-1380156560)(T0=2017-8-17_22:12:27 T1=637.2520)
BLRetKeepLiveHandler::Execute() ... OK! (-1380156560)(T0=2017-8-17_22:12:31 T1=641.0690)
ProcessManager::DoTick TurnPlayer Number:0 ValidNum:0 InvalidNum:0 (-1724257424)(T0=2017-8-17_22:12:32 T1=642.6170)
SSScenePlayerCountHandler ServerID=0 PlayerPoolSize=1 OK  (-1380156560)(T0=2017-8-17_22:12:33 T1=643.8790)
SSScenePlayerCountHandler::Execute()....OK,WorldPlayerCount = 1 (-1380156560)(T0=2017-8-17_22:12:45 T1=655.5190)
SSScenePlayerCountHandler::Execute()....OK,WorldPlayerCount1 = 1 (-1724257424)(T0=2017-8-17_22:12:45 T1=655.6570)
ServerManager::Tick WorldTurnPlayer Number:0 ValidNum:0 InvalidNum:0 (-1380156560)(T0=2017-8-17_22:12:47 T1=657.3260)
SSScenePlayerCountHandler ServerID=0 PlayerPoolSize=1 OK  (-1380156560)(T0=2017-8-17_22:12:48 T1=658.9310)
ProcessManager::DoTick TurnPlayer Number:0 ValidNum:0 InvalidNum:0 (-1724257424)(T0=2017-8-17_22:12:52 T1=662.6810)
BLRetKeepLiveHandler::Execute() ... OK! (-1380156560)(T0=2017-8-17_22:13:1 T1=671.1750)
SSScenePlayerCountHandler ServerID=0 PlayerPoolSize=1 OK  (-1380156560)(T0=2017-8-17_22:13:3 T1=673.9840)
ServerManager::Tick WorldTurnPlayer Number:0 ValidNum:0 InvalidNum:0 (-1380156560)(T0=2017-8-17_22:13:7 T1=677.3980)
ProcessManager::DoTick TurnPlayer Number:0 ValidNum:0 InvalidNum:0 (-1724257424)(T0=2017-8-17_22:13:12 T1=682.7530)
SSScenePlayerCountHandler ServerID=0 PlayerPoolSize=1 OK  (-1380156560)(T0=2017-8-17_22:13:18 T1=689.0390)
ServerManager::Tick WorldTurnPlayer Number:0 ValidNum:0 InvalidNum:0 (-1380156560)(T0=2017-8-17_22:13:27 T1=697.4810)
BLRetKeepLiveHandler::Execute() ... OK! (-1380156560)(T0=2017-8-17_22:13:31 T1=701.2980)
ProcessManager::DoTick TurnPlayer Number:0 ValidNum:0 InvalidNum:0 (-1724257424)(T0=2017-8-17_22:13:32 T1=702.8200)
SSScenePlayerCountHandler ServerID=0 PlayerPoolSize=1 OK  (-1380156560)(T0=2017-8-17_22:13:34 T1=704.1060)
ServerManager::Tick WorldTurnPlayer Number:0 ValidNum:0 InvalidNum:0 (-1380156560)(T0=2017-8-17_22:13:47 T1=717.5580)
SSScenePlayerCountHandler ServerID=0 PlayerPoolSize=1 OK  (-1380156560)(T0=2017-8-17_22:13:49 T1=719.1630)
ProcessManager::DoTick TurnPlayer Number:0 ValidNum:0 InvalidNum:0 (-1724257424)(T0=2017-8-17_22:13:52 T1=722.8850)
BLRetKeepLiveHandler::Execute() ... OK! (-1380156560)(T0=2017-8-17_22:14:1 T1=731.4110)
SSScenePlayerCountHandler ServerID=0 PlayerPoolSize=1 OK  (-1380156560)(T0=2017-8-17_22:14:4 T1=734.2220)
ServerManager::Tick WorldTurnPlayer Number:0 ValidNum:0 InvalidNum:0 (-1380156560)(T0=2017-8-17_22:14:7 T1=737.6330)
ProcessManager::DoTick TurnPlayer Number:0 ValidNum:0 InvalidNum:0 (-1724257424)(T0=2017-8-17_22:14:12 T1=742.9560)
SSScenePlayerCountHandler ServerID=0 PlayerPoolSize=1 OK  (-1380156560)(T0=2017-8-17_22:14:19 T1=749.2730)
ServerManager::Tick WorldTurnPlayer Number:0 ValidNum:0 InvalidNum:0 (-1380156560)(T0=2017-8-17_22:14:27 T1=757.7050)
BLRetKeepLiveHandler::Execute() ... OK! (-1380156560)(T0=2017-8-17_22:14:31 T1=761.5160)
ProcessManager::DoTick TurnPlayer Number:0 ValidNum:0 InvalidNum:0 (-1724257424)(T0=2017-8-17_22:14:32 T1=763.0280)
SSScenePlayerCountHandler ServerID=0 PlayerPoolSize=1 OK  (-1380156560)(T0=2017-8-17_22:14:34 T1=764.3280)
ServerManager::Tick WorldTurnPlayer Number:0 ValidNum:0 InvalidNum:0 (-1380156560)(T0=2017-8-17_22:14:47 T1=777.7790)
SSScenePlayerCountHandler ServerID=0 PlayerPoolSize=1 OK  (-1380156560)(T0=2017-8-17_22:14:49 T1=779.3850)
ProcessManager::DoTick TurnPlayer Number:0 ValidNum:0 InvalidNum:0 (-1724257424)(T0=2017-8-17_22:14:53 T1=783.1040)
BLRetKeepLiveHandler::Execute() ... OK! (-1380156560)(T0=2017-8-17_22:15:1 T1=791.6350)
SSScenePlayerCountHandler ServerID=0 PlayerPoolSize=1 OK  (-1380156560)(T0=2017-8-17_22:15:4 T1=794.2440)
ServerManager::Tick WorldTurnPlayer Number:0 ValidNum:0 InvalidNum:0 (-1380156560)(T0=2017-8-17_22:15:7 T1=797.8540)
ProcessManager::DoTick TurnPlayer Number:0 ValidNum:0 InvalidNum:0 (-1724257424)(T0=2017-8-17_22:15:13 T1=803.1730)
SSScenePlayerCountHandler ServerID=0 PlayerPoolSize=1 OK  (-1380156560)(T0=2017-8-17_22:15:19 T1=809.4930)
ServerManager::Tick WorldTurnPlayer Number:0 ValidNum:0 InvalidNum:0 (-1380156560)(T0=2017-8-17_22:15:27 T1=817.9240)
BLRetKeepLiveHandler::Execute() ... OK! (-1380156560)(T0=2017-8-17_22:15:31 T1=821.7380)
ProcessManager::DoTick TurnPlayer Number:0 ValidNum:0 InvalidNum:0 (-1724257424)(T0=2017-8-17_22:15:33 T1=823.2430)
SSScenePlayerCountHandler ServerID=0 PlayerPoolSize=1 OK  (-1380156560)(T0=2017-8-17_22:15:34 T1=824.5470)
ServerManager::Tick WorldTurnPlayer Number:0 ValidNum:0 InvalidNum:0 (-1380156560)(T0=2017-8-17_22:15:47 T1=837.9950)
SSScenePlayerCountHandler ServerID=0 PlayerPoolSize=1 OK  (-1380156560)(T0=2017-8-17_22:15:49 T1=839.6000)
ProcessManager::DoTick TurnPlayer Number:0 ValidNum:0 InvalidNum:0 (-1724257424)(T0=2017-8-17_22:15:53 T1=843.3120)
BLRetKeepLiveHandler::Execute() ... OK! (-1380156560)(T0=2017-8-17_22:16:1 T1=851.8400)
SSScenePlayerCountHandler ServerID=0 PlayerPoolSize=1 OK  (-1380156560)(T0=2017-8-17_22:16:4 T1=854.6510)
ServerManager::Tick WorldTurnPlayer Number:0 ValidNum:0 InvalidNum:0 (-1380156560)(T0=2017-8-17_22:16:8 T1=858.0630)
ProcessManager::DoTick TurnPlayer Number:0 ValidNum:0 InvalidNum:0 (-1724257424)(T0=2017-8-17_22:16:13 T1=863.3760)
SSScenePlayerCountHandler ServerID=0 PlayerPoolSize=1 OK  (-1380156560)(T0=2017-8-17_22:16:19 T1=869.6980)
ServerManager::Tick WorldTurnPlayer Number:0 ValidNum:0 InvalidNum:0 (-1380156560)(T0=2017-8-17_22:16:28 T1=878.1210)
BLRetKeepLiveHandler::Execute() ... OK! (-1380156560)(T0=2017-8-17_22:16:31 T1=881.9380)
ProcessManager::DoTick TurnPlayer Number:0 ValidNum:0 InvalidNum:0 (-1724257424)(T0=2017-8-17_22:16:33 T1=883.4450)
SSScenePlayerCountHandler ServerID=0 PlayerPoolSize=1 OK  (-1380156560)(T0=2017-8-17_22:16:34 T1=884.7480)
ServerManager::Tick WorldTurnPlayer Number:0 ValidNum:0 InvalidNum:0 (-1380156560)(T0=2017-8-17_22:16:48 T1=898.1910)
SSScenePlayerCountHandler ServerID=0 PlayerPoolSize=1 OK  (-1380156560)(T0=2017-8-17_22:16:49 T1=899.7960)
ProcessManager::DoTick TurnPlayer Number:0 ValidNum:0 InvalidNum:0 (-1724257424)(T0=2017-8-17_22:16:53 T1=903.5070)
BLRetKeepLiveHandler::Execute() ... OK! (-1380156560)(T0=2017-8-17_22:17:1 T1=912.0360)
SSScenePlayerCountHandler ServerID=0 PlayerPoolSize=1 OK  (-1380156560)(T0=2017-8-17_22:17:4 T1=914.8450)
ServerManager::Tick WorldTurnPlayer Number:0 ValidNum:0 InvalidNum:0 (-1380156560)(T0=2017-8-17_22:17:8 T1=918.2560)
ProcessManager::DoTick TurnPlayer Number:0 ValidNum:0 InvalidNum:0 (-1724257424)(T0=2017-8-17_22:17:13 T1=923.5750)
SSScenePlayerCountHandler ServerID=0 PlayerPoolSize=1 OK  (-1380156560)(T0=2017-8-17_22:17:19 T1=929.8980)
ServerManager::Tick WorldTurnPlayer Number:0 ValidNum:0 InvalidNum:0 (-1380156560)(T0=2017-8-17_22:17:28 T1=938.3320)
BLRetKeepLiveHandler::Execute() ... OK! (-1380156560)(T0=2017-8-17_22:17:32 T1=942.1430)
ProcessManager::DoTick TurnPlayer Number:0 ValidNum:0 InvalidNum:0 (-1724257424)(T0=2017-8-17_22:17:33 T1=943.6480)
SSScenePlayerCountHandler ServerID=0 PlayerPoolSize=1 OK  (-1380156560)(T0=2017-8-17_22:17:34 T1=944.9520)
ServerManager::Tick WorldTurnPlayer Number:0 ValidNum:0 InvalidNum:0 (-1380156560)(T0=2017-8-17_22:17:48 T1=958.4030)
SSScenePlayerCountHandler ServerID=0 PlayerPoolSize=1 OK  (-1380156560)(T0=2017-8-17_22:17:49 T1=960.0080)
ProcessManager::DoTick TurnPlayer Number:0 ValidNum:0 InvalidNum:0 (-1724257424)(T0=2017-8-17_22:17:53 T1=963.7230)
BLRetKeepLiveHandler::Execute() ... OK! (-1380156560)(T0=2017-8-17_22:18:2 T1=972.2480)
SSScenePlayerCountHandler ServerID=0 PlayerPoolSize=1 OK  (-1380156560)(T0=2017-8-17_22:18:5 T1=975.0620)
ServerManager::Tick WorldTurnPlayer Number:0 ValidNum:0 InvalidNum:0 (-1380156560)(T0=2017-8-17_22:18:8 T1=978.4710)
