(###) main...
 (-1219496240)(T0=2016-9-19_9:35:38 T1=0.4930)
ShareMemory Start...
 (-1219496240)(T0=2016-9-19_9:35:38 T1=0.4930)
Start Read Config Files... (-1219496240)(T0=2016-9-19_9:35:38 T1=0.4930)
Read Config Files...OK! (-1219496240)(T0=2016-9-19_9:35:39 T1=0.7480)
Start New Managers... (-1219496240)(T0=2016-9-19_9:35:39 T1=0.7480)
new ShareDBManager ...OK (-1219496240)(T0=2016-9-19_9:35:39 T1=0.7480)
new SMUPool<HumanSMU>()...OK (-1219496240)(T0=2016-9-19_9:35:39 T1=0.7480)
new SMULogicManager<HumanSMU>()...OK (-1219496240)(T0=2016-9-19_9:35:39 T1=0.7480)
new SMUPool<GuildSMU>()...OK (-1219496240)(T0=2016-9-19_9:35:39 T1=0.7480)
new SMULogicManager<GuildSMU>()...OK (-1219496240)(T0=2016-9-19_9:35:39 T1=0.7480)
new SMUPool<MailSMU>()...OK (-1219496240)(T0=2016-9-19_9:35:39 T1=0.7480)
new SMULogicManager<MailSMU>()...OK (-1219496240)(T0=2016-9-19_9:35:39 T1=0.7480)
new SMUPool<PlayerShopSM>()...OK (-1219496240)(T0=2016-9-19_9:35:39 T1=0.7480)
new SMULogicManager<PlayerShopSM>()...OK (-1219496240)(T0=2016-9-19_9:35:39 T1=0.7480)
new SMUPool<GlobalDataSMU>()...OK (-1219496240)(T0=2016-9-19_9:35:39 T1=0.7480)
new SMULogicManager<GlobalDataSMU>()...OK (-1219496240)(T0=2016-9-19_9:35:39 T1=0.7480)
new SMUPool<CommisionShopSMU>()...OK (-1219496240)(T0=2016-9-19_9:35:39 T1=0.7480)
new SMULogicManager<CommisionShopSMU>()...OK (-1219496240)(T0=2016-9-19_9:35:39 T1=0.7480)
new SMUPool<ItemSerialKeySMU>()...OK (-1219496240)(T0=2016-9-19_9:35:39 T1=0.7480)
new SMULogicManager<ItemSerialKeySMU>()...OK (-1219496240)(T0=2016-9-19_9:35:39 T1=0.7480)
new SMUPool<PetProcreateItemSM>()...OK (-1219496240)(T0=2016-9-19_9:35:39 T1=0.7480)
new SMULogicManager<PetProcreateItemSM>()...OK (-1219496240)(T0=2016-9-19_9:35:39 T1=0.7480)
new SMUPool<CitySMU>()...OK (-1219496240)(T0=2016-9-19_9:35:39 T1=0.7480)
new SMULogicManager<CitySMU>()...OK (-1219496240)(T0=2016-9-19_9:35:39 T1=0.7480)
new SMUPool<GuildLeagueSMU>()...OK (-1219496240)(T0=2016-9-19_9:35:39 T1=0.7480)
new SMULogicManager<GuildLeagueSMU>()...OK (-1219496240)(T0=2016-9-19_9:35:39 T1=0.7490)
new SMUPool<FindFriendADSMU>()...OK (-1219496240)(T0=2016-9-19_9:35:39 T1=0.7490)
new SMULogicManager<FindFriendADSMU>()...OK (-1219496240)(T0=2016-9-19_9:35:39 T1=0.7490)
New Managers...OK! (-1219496240)(T0=2016-9-19_9:35:39 T1=0.7490)
Start Init Managers... (-1219496240)(T0=2016-9-19_9:35:39 T1=0.7490)
g_pDBManager->Init()...OK (-1219496240)(T0=2016-9-19_9:35:39 T1=0.8850)
DBGeneralSet::GetValue(4) = 101 Successful! (-1219496240)(T0=2016-9-19_9:35:39 T1=0.9060)
DBGeneralSet::GetValue(5) = 0 Successful! (-1219496240)(T0=2016-9-19_9:35:39 T1=0.9070)
Config::WorldID=101,Config::ZoneID=0......DB::WorldID=101,DB::ZoneID=0...Compare (-1219496240)(T0=2016-9-19_9:35:39 T1=0.9070)
CheckWorldIDZoneID()...OK (-1219496240)(T0=2016-9-19_9:35:39 T1=0.9070)
Attach ShareMem Error SM_KET = 1001 (-1219496240)(T0=2016-9-19_9:35:39 T1=0.9070)
Create ShareMem Ok SM_KET = 1001 (-1219496240)(T0=2016-9-19_9:35:39 T1=0.9070)
Attach ShareMem Error SM_KET = 2001 (-1219496240)(T0=2016-9-19_9:35:39 T1=0.9270)
Create ShareMem Ok SM_KET = 2001 (-1219496240)(T0=2016-9-19_9:35:39 T1=0.9270)
PostInit GuildSMU_2001 from database  Ok! (-1219496240)(T0=2016-9-19_9:35:40 T1=1.5530)
Attach ShareMem Error SM_KET = 3001 (-1219496240)(T0=2016-9-19_9:35:40 T1=1.5540)
Create ShareMem Ok SM_KET = 3001 (-1219496240)(T0=2016-9-19_9:35:40 T1=1.5540)
PostInit MailSMU_3001 from database  Ok! (-1219496240)(T0=2016-9-19_9:35:40 T1=1.6600)
Attach ShareMem Error SM_KET = 4001 (-1219496240)(T0=2016-9-19_9:35:40 T1=1.6600)
Create ShareMem Ok SM_KET = 4001 (-1219496240)(T0=2016-9-19_9:35:40 T1=1.6600)
PostInit PlayerShopSM_4001 from database  Ok! (-1219496240)(T0=2016-9-19_9:35:40 T1=1.7820)
Attach ShareMem Error SM_KET = 5001 (-1219496240)(T0=2016-9-19_9:35:40 T1=1.7820)
Create ShareMem Ok SM_KET = 5001 (-1219496240)(T0=2016-9-19_9:35:40 T1=1.7820)
PostInit GlobalDataSMU=5001 from database Ok! (-1219496240)(T0=2016-9-19_9:35:40 T1=1.8260)
Attach ShareMem Error SM_KET = 6001 (-1219496240)(T0=2016-9-19_9:35:40 T1=1.8260)
Create ShareMem Ok SM_KET = 6001 (-1219496240)(T0=2016-9-19_9:35:40 T1=1.8260)
PostInit CommisionShopSMU=6001 from database Ok! (-1219496240)(T0=2016-9-19_9:35:40 T1=1.8340)
Attach ShareMem Error SM_KET = 7001 (-1219496240)(T0=2016-9-19_9:35:40 T1=1.8340)
Create ShareMem Ok SM_KET = 7001 (-1219496240)(T0=2016-9-19_9:35:40 T1=1.8340)
PostInit ItemSerialSMU=7001 from database Ok!  Serial = 4635605 (-1219496240)(T0=2016-9-19_9:35:40 T1=1.8360)
Attach ShareMem Error SM_KET = 8001 (-1219496240)(T0=2016-9-19_9:35:40 T1=1.8360)
Create ShareMem Ok SM_KET = 8001 (-1219496240)(T0=2016-9-19_9:35:40 T1=1.8360)
PostInit PetProcreateItemSM8001 from database  Ok! (-1219496240)(T0=2016-9-19_9:35:40 T1=1.8400)
Attach ShareMem Error SM_KET = 9001 (-1219496240)(T0=2016-9-19_9:35:40 T1=1.8400)
Create ShareMem Ok SM_KET = 9001 (-1219496240)(T0=2016-9-19_9:35:40 T1=1.8400)
PostInit CityInfoSM_9001 from database  Ok! (-1219496240)(T0=2016-9-19_9:35:40 T1=1.9480)
Attach ShareMem Error SM_KET = 10001 (-1219496240)(T0=2016-9-19_9:35:40 T1=1.9480)
Create ShareMem Ok SM_KET = 10001 (-1219496240)(T0=2016-9-19_9:35:40 T1=1.9480)
PostInit GuildLeagueSMU_10001 from database  Ok! (-1219496240)(T0=2016-9-19_9:35:40 T1=1.9530)
Attach ShareMem Error SM_KET = 11001 (-1219496240)(T0=2016-9-19_9:35:40 T1=1.9540)
Create ShareMem Ok SM_KET = 11001 (-1219496240)(T0=2016-9-19_9:35:40 T1=1.9540)
PostInit FindFriendADSMU_11001 from database  Ok! (-1219496240)(T0=2016-9-19_9:35:40 T1=1.9870)
Init Managers...OK! (-1219496240)(T0=2016-9-19_9:35:40 T1=1.9870)
Loop...Start (-1219496240)(T0=2016-9-19_9:35:40 T1=1.9870)
GlobalData Save...OK! (-1219496240)(T0=2016-9-19_9:36:17 T1=38.7140)
CommisionShop Save...OK! (-1219496240)(T0=2016-9-19_9:36:17 T1=39.1960)
ItemSerial Save...OK! Serial = 4635605 ,ServerID = 0 (-1219496240)(T0=2016-9-19_9:36:18 T1=40.4960)
GlobalData Save...OK! (-1219496240)(T0=2016-9-19_9:36:44 T1=66.1360)
CommisionShop Save...OK! (-1219496240)(T0=2016-9-19_9:36:47 T1=69.3820)
ItemSerial Save...OK! Serial = 4635605 ,ServerID = 0 (-1219496240)(T0=2016-9-19_9:36:48 T1=69.5730)
GlobalData Save...OK! (-1219496240)(T0=2016-9-19_9:37:11 T1=92.9190)
CommisionShop Save...OK! (-1219496240)(T0=2016-9-19_9:37:18 T1=100.0480)
ItemSerial Save...OK! Serial = 4635605 ,ServerID = 0 (-1219496240)(T0=2016-9-19_9:37:18 T1=100.2620)
GlobalData Save...OK! (-1219496240)(T0=2016-9-19_9:37:42 T1=123.8590)
CommisionShop Save...OK! (-1219496240)(T0=2016-9-19_9:37:49 T1=131.0000)
ItemSerial Save...OK! Serial = 4635605 ,ServerID = 0 (-1219496240)(T0=2016-9-19_9:37:49 T1=131.2870)
GlobalData Save...OK! (-1219496240)(T0=2016-9-19_9:38:12 T1=153.7910)
CommisionShop Save...OK! (-1219496240)(T0=2016-9-19_9:38:20 T1=161.9020)
ItemSerial Save...OK! Serial = 4635624 ,ServerID = 0 (-1219496240)(T0=2016-9-19_9:38:20 T1=162.3800)
GlobalData Save...OK! (-1219496240)(T0=2016-9-19_9:38:41 T1=183.4250)
Receive Server Crash command.. (-1219496240)(T0=2016-9-19_9:38:47 T1=189.4330)
CommisionShop Save...OK! (-1219496240)(T0=2016-9-19_9:38:47 T1=189.4330)
Receive Server Crash command.. (-1219496240)(T0=2016-9-19_9:38:47 T1=189.4330)
ItemSerial Save...OK! Serial = 4635706 ,ServerID = 0 (-1219496240)(T0=2016-9-19_9:38:47 T1=189.4620)
Receive Server Crash command.. (-1219496240)(T0=2016-9-19_9:38:48 T1=190.4630)
