(###) main...
 (-1220712752)(T0=2017-8-17_22:1:44 T1=0.7470)
ShareMemory Start...
 (-1220712752)(T0=2017-8-17_22:1:44 T1=0.7690)
Start Read Config Files... (-1220712752)(T0=2017-8-17_22:1:44 T1=0.7690)
Read Config Files...OK! (-1220712752)(T0=2017-8-17_22:1:44 T1=0.9900)
Start New Managers... (-1220712752)(T0=2017-8-17_22:1:44 T1=0.9900)
new ShareDBManager ...OK (-1220712752)(T0=2017-8-17_22:1:44 T1=0.9900)
new SMUPool<HumanSMU>()...OK (-1220712752)(T0=2017-8-17_22:1:44 T1=0.9900)
new SMULogicManager<HumanSMU>()...OK (-1220712752)(T0=2017-8-17_22:1:44 T1=0.9900)
new SMUPool<GuildSMU>()...OK (-1220712752)(T0=2017-8-17_22:1:44 T1=0.9900)
new SMULogicManager<GuildSMU>()...OK (-1220712752)(T0=2017-8-17_22:1:44 T1=0.9900)
new SMUPool<MailSMU>()...OK (-1220712752)(T0=2017-8-17_22:1:44 T1=0.9900)
new SMULogicManager<MailSMU>()...OK (-1220712752)(T0=2017-8-17_22:1:44 T1=0.9900)
new SMUPool<PlayerShopSM>()...OK (-1220712752)(T0=2017-8-17_22:1:44 T1=0.9900)
new SMULogicManager<PlayerShopSM>()...OK (-1220712752)(T0=2017-8-17_22:1:44 T1=0.9900)
new SMUPool<GlobalDataSMU>()...OK (-1220712752)(T0=2017-8-17_22:1:44 T1=0.9900)
new SMULogicManager<GlobalDataSMU>()...OK (-1220712752)(T0=2017-8-17_22:1:44 T1=0.9900)
new SMUPool<CommisionShopSMU>()...OK (-1220712752)(T0=2017-8-17_22:1:44 T1=0.9900)
new SMULogicManager<CommisionShopSMU>()...OK (-1220712752)(T0=2017-8-17_22:1:44 T1=0.9900)
new SMUPool<ItemSerialKeySMU>()...OK (-1220712752)(T0=2017-8-17_22:1:44 T1=0.9900)
new SMULogicManager<ItemSerialKeySMU>()...OK (-1220712752)(T0=2017-8-17_22:1:44 T1=0.9900)
new SMUPool<PetProcreateItemSM>()...OK (-1220712752)(T0=2017-8-17_22:1:44 T1=0.9900)
new SMULogicManager<PetProcreateItemSM>()...OK (-1220712752)(T0=2017-8-17_22:1:44 T1=0.9900)
new SMUPool<CitySMU>()...OK (-1220712752)(T0=2017-8-17_22:1:44 T1=0.9900)
new SMULogicManager<CitySMU>()...OK (-1220712752)(T0=2017-8-17_22:1:44 T1=0.9900)
new SMUPool<GuildLeagueSMU>()...OK (-1220712752)(T0=2017-8-17_22:1:44 T1=0.9900)
new SMULogicManager<GuildLeagueSMU>()...OK (-1220712752)(T0=2017-8-17_22:1:44 T1=0.9910)
new SMUPool<FindFriendADSMU>()...OK (-1220712752)(T0=2017-8-17_22:1:44 T1=0.9910)
new SMULogicManager<FindFriendADSMU>()...OK (-1220712752)(T0=2017-8-17_22:1:44 T1=0.9910)
New Managers...OK! (-1220712752)(T0=2017-8-17_22:1:44 T1=0.9910)
Start Init Managers... (-1220712752)(T0=2017-8-17_22:1:44 T1=0.9910)
g_pDBManager->Init()...OK (-1220712752)(T0=2017-8-17_22:1:45 T1=1.1150)
DBGeneralSet::GetValue(4) = 101 Successful! (-1220712752)(T0=2017-8-17_22:1:45 T1=1.1430)
DBGeneralSet::GetValue(5) = 0 Successful! (-1220712752)(T0=2017-8-17_22:1:45 T1=1.1430)
Config::WorldID=101,Config::ZoneID=0......DB::WorldID=101,DB::ZoneID=0...Compare (-1220712752)(T0=2017-8-17_22:1:45 T1=1.1430)
CheckWorldIDZoneID()...OK (-1220712752)(T0=2017-8-17_22:1:45 T1=1.1440)
Attach ShareMem Error SM_KET = 1001 (-1220712752)(T0=2017-8-17_22:1:45 T1=1.1440)
Create ShareMem Ok SM_KET = 1001 (-1220712752)(T0=2017-8-17_22:1:45 T1=1.1440)
Attach ShareMem Error SM_KET = 2001 (-1220712752)(T0=2017-8-17_22:1:45 T1=1.2370)
Create ShareMem Ok SM_KET = 2001 (-1220712752)(T0=2017-8-17_22:1:45 T1=1.2380)
PostInit GuildSMU_2001 from database  Ok! (-1220712752)(T0=2017-8-17_22:1:46 T1=2.0420)
Attach ShareMem Error SM_KET = 3001 (-1220712752)(T0=2017-8-17_22:1:46 T1=2.0420)
Create ShareMem Ok SM_KET = 3001 (-1220712752)(T0=2017-8-17_22:1:46 T1=2.0430)
PostInit MailSMU_3001 from database  Ok! (-1220712752)(T0=2017-8-17_22:1:46 T1=2.6750)
Attach ShareMem Error SM_KET = 4001 (-1220712752)(T0=2017-8-17_22:1:46 T1=2.6750)
Create ShareMem Ok SM_KET = 4001 (-1220712752)(T0=2017-8-17_22:1:46 T1=2.6750)
PostInit PlayerShopSM_4001 from database  Ok! (-1220712752)(T0=2017-8-17_22:1:47 T1=3.0170)
Attach ShareMem Error SM_KET = 5001 (-1220712752)(T0=2017-8-17_22:1:47 T1=3.0170)
Create ShareMem Ok SM_KET = 5001 (-1220712752)(T0=2017-8-17_22:1:47 T1=3.0180)
PostInit GlobalDataSMU=5001 from database Ok! (-1220712752)(T0=2017-8-17_22:1:47 T1=3.0320)
Attach ShareMem Error SM_KET = 6001 (-1220712752)(T0=2017-8-17_22:1:47 T1=3.0320)
Create ShareMem Ok SM_KET = 6001 (-1220712752)(T0=2017-8-17_22:1:47 T1=3.0320)
PostInit CommisionShopSMU=6001 from database Ok! (-1220712752)(T0=2017-8-17_22:1:47 T1=3.0340)
Attach ShareMem Error SM_KET = 7001 (-1220712752)(T0=2017-8-17_22:1:47 T1=3.0340)
Create ShareMem Ok SM_KET = 7001 (-1220712752)(T0=2017-8-17_22:1:47 T1=3.0340)
PostInit ItemSerialSMU=7001 from database Ok!  Serial = 4645706 (-1220712752)(T0=2017-8-17_22:1:47 T1=3.0370)
Attach ShareMem Error SM_KET = 8001 (-1220712752)(T0=2017-8-17_22:1:47 T1=3.0370)
Create ShareMem Ok SM_KET = 8001 (-1220712752)(T0=2017-8-17_22:1:47 T1=3.0370)
PostInit PetProcreateItemSM8001 from database  Ok! (-1220712752)(T0=2017-8-17_22:1:47 T1=3.0480)
Attach ShareMem Error SM_KET = 9001 (-1220712752)(T0=2017-8-17_22:1:47 T1=3.0480)
Create ShareMem Ok SM_KET = 9001 (-1220712752)(T0=2017-8-17_22:1:47 T1=3.0490)
PostInit CityInfoSM_9001 from database  Ok! (-1220712752)(T0=2017-8-17_22:1:47 T1=3.1310)
Attach ShareMem Error SM_KET = 10001 (-1220712752)(T0=2017-8-17_22:1:47 T1=3.1320)
Create ShareMem Ok SM_KET = 10001 (-1220712752)(T0=2017-8-17_22:1:47 T1=3.1320)
PostInit GuildLeagueSMU_10001 from database  Ok! (-1220712752)(T0=2017-8-17_22:1:47 T1=3.1330)
Attach ShareMem Error SM_KET = 11001 (-1220712752)(T0=2017-8-17_22:1:47 T1=3.1330)
Create ShareMem Ok SM_KET = 11001 (-1220712752)(T0=2017-8-17_22:1:47 T1=3.1330)
PostInit FindFriendADSMU_11001 from database  Ok! (-1220712752)(T0=2017-8-17_22:1:47 T1=3.2470)
Init Managers...OK! (-1220712752)(T0=2017-8-17_22:1:47 T1=3.2470)
Loop...Start (-1220712752)(T0=2017-8-17_22:1:47 T1=3.2470)
GlobalData Save...OK! (-1220712752)(T0=2017-8-17_22:2:23 T1=39.4030)
CommisionShop Save...OK! (-1220712752)(T0=2017-8-17_22:2:23 T1=39.7510)
ItemSerial Save...OK! Serial = 4645706 ,ServerID = 0 (-1220712752)(T0=2017-8-17_22:2:24 T1=40.5200)
GlobalData Save...OK! (-1220712752)(T0=2017-8-17_22:2:48 T1=64.6260)
CommisionShop Save...OK! (-1220712752)(T0=2017-8-17_22:2:53 T1=69.8470)
ItemSerial Save...OK! Serial = 4645706 ,ServerID = 0 (-1220712752)(T0=2017-8-17_22:2:53 T1=69.9900)
GlobalData Save...OK! (-1220712752)(T0=2017-8-17_22:3:18 T1=94.2600)
CommisionShop Save...OK! (-1220712752)(T0=2017-8-17_22:3:24 T1=100.3840)
ItemSerial Save...OK! Serial = 4645706 ,ServerID = 0 (-1220712752)(T0=2017-8-17_22:3:24 T1=100.4330)
GlobalData Save...OK! (-1220712752)(T0=2017-8-17_22:3:48 T1=124.4690)
CommisionShop Save...OK! (-1220712752)(T0=2017-8-17_22:3:54 T1=130.4880)
ItemSerial Save...OK! Serial = 4645808 ,ServerID = 0 (-1220712752)(T0=2017-8-17_22:3:54 T1=130.5490)
GlobalData Save...OK! (-1220712752)(T0=2017-8-17_22:4:18 T1=154.5870)
CommisionShop Save...OK! (-1220712752)(T0=2017-8-17_22:4:24 T1=160.5950)
ItemSerial Save...OK! Serial = 4646127 ,ServerID = 0 (-1220712752)(T0=2017-8-17_22:4:24 T1=160.5990)
GlobalData Save...OK! (-1220712752)(T0=2017-8-17_22:4:48 T1=184.6350)
CommisionShop Save...OK! (-1220712752)(T0=2017-8-17_22:4:54 T1=190.6620)
ItemSerial Save...OK! Serial = 4646228 ,ServerID = 0 (-1220712752)(T0=2017-8-17_22:4:54 T1=190.6670)
GlobalData Save...OK! (-1220712752)(T0=2017-8-17_22:5:18 T1=214.7020)
CommisionShop Save...OK! (-1220712752)(T0=2017-8-17_22:5:24 T1=220.7110)
ItemSerial Save...OK! Serial = 4646381 ,ServerID = 0 (-1220712752)(T0=2017-8-17_22:5:24 T1=220.7470)
GlobalData Save...OK! (-1220712752)(T0=2017-8-17_22:5:48 T1=244.7910)
CommisionShop Save...OK! (-1220712752)(T0=2017-8-17_22:5:54 T1=250.8040)
ItemSerial Save...OK! Serial = 4646401 ,ServerID = 0 (-1220712752)(T0=2017-8-17_22:5:54 T1=250.8070)
GlobalData Save...OK! (-1220712752)(T0=2017-8-17_22:6:18 T1=274.8450)
CommisionShop Save...OK! (-1220712752)(T0=2017-8-17_22:6:24 T1=280.8560)
ItemSerial Save...OK! Serial = 4646528 ,ServerID = 0 (-1220712752)(T0=2017-8-17_22:6:24 T1=280.8590)
GlobalData Save...OK! (-1220712752)(T0=2017-8-17_22:6:48 T1=304.9330)
CommisionShop Save...OK! (-1220712752)(T0=2017-8-17_22:6:54 T1=310.9420)
ItemSerial Save...OK! Serial = 4646548 ,ServerID = 0 (-1220712752)(T0=2017-8-17_22:6:54 T1=310.9450)
普通存盘成功	PlayerPool Index=0,Player Guid=3C33609F (-1220712752)(T0=2017-8-17_22:7:4 T1=320.1390)
系统信息: 档案总数 = 1,总等待存盘数量 =0,已经存储数量 = 0 (-1220712752)(T0=2017-8-17_22:7:4 T1=320.1390)
GlobalData Save...OK! (-1220712752)(T0=2017-8-17_22:7:19 T1=335.1650)
CommisionShop Save...OK! (-1220712752)(T0=2017-8-17_22:7:25 T1=341.1750)
ItemSerial Save...OK! Serial = 4646675 ,ServerID = 0 (-1220712752)(T0=2017-8-17_22:7:25 T1=341.1780)
GlobalData Save...OK! (-1220712752)(T0=2017-8-17_22:7:49 T1=365.2190)
CommisionShop Save...OK! (-1220712752)(T0=2017-8-17_22:7:55 T1=371.2290)
ItemSerial Save...OK! Serial = 4646695 ,ServerID = 0 (-1220712752)(T0=2017-8-17_22:7:55 T1=371.2580)
GlobalData Save...OK! (-1220712752)(T0=2017-8-17_22:8:19 T1=395.2920)
CommisionShop Save...OK! (-1220712752)(T0=2017-8-17_22:8:25 T1=401.3000)
ItemSerial Save...OK! Serial = 4646798 ,ServerID = 0 (-1220712752)(T0=2017-8-17_22:8:25 T1=401.3030)
GlobalData Save...OK! (-1220712752)(T0=2017-8-17_22:8:49 T1=425.3400)
CommisionShop Save...OK! (-1220712752)(T0=2017-8-17_22:8:55 T1=431.3470)
ItemSerial Save...OK! Serial = 4646837 ,ServerID = 0 (-1220712752)(T0=2017-8-17_22:8:55 T1=431.3580)
GlobalData Save...OK! (-1220712752)(T0=2017-8-17_22:9:19 T1=455.3920)
CommisionShop Save...OK! (-1220712752)(T0=2017-8-17_22:9:25 T1=461.4000)
ItemSerial Save...OK! Serial = 4646948 ,ServerID = 0 (-1220712752)(T0=2017-8-17_22:9:25 T1=461.4030)
GlobalData Save...OK! (-1220712752)(T0=2017-8-17_22:9:49 T1=485.4400)
CommisionShop Save...OK! (-1220712752)(T0=2017-8-17_22:9:55 T1=491.4500)
ItemSerial Save...OK! Serial = 4646968 ,ServerID = 0 (-1220712752)(T0=2017-8-17_22:9:55 T1=491.4530)
GlobalData Save...OK! (-1220712752)(T0=2017-8-17_22:10:19 T1=515.4890)
CommisionShop Save...OK! (-1220712752)(T0=2017-8-17_22:10:25 T1=521.5000)
ItemSerial Save...OK! Serial = 4647122 ,ServerID = 0 (-1220712752)(T0=2017-8-17_22:10:25 T1=521.5040)
GlobalData Save...OK! (-1220712752)(T0=2017-8-17_22:10:49 T1=545.5380)
CommisionShop Save...OK! (-1220712752)(T0=2017-8-17_22:10:55 T1=551.5460)
ItemSerial Save...OK! Serial = 4647142 ,ServerID = 0 (-1220712752)(T0=2017-8-17_22:10:55 T1=551.5510)
GlobalData Save...OK! (-1220712752)(T0=2017-8-17_22:11:19 T1=575.5870)
CommisionShop Save...OK! (-1220712752)(T0=2017-8-17_22:11:25 T1=581.5960)
ItemSerial Save...OK! Serial = 4647249 ,ServerID = 0 (-1220712752)(T0=2017-8-17_22:11:25 T1=581.6120)
GlobalData Save...OK! (-1220712752)(T0=2017-8-17_22:11:49 T1=605.6490)
CommisionShop Save...OK! (-1220712752)(T0=2017-8-17_22:11:55 T1=611.6600)
ItemSerial Save...OK! Serial = 4647269 ,ServerID = 0 (-1220712752)(T0=2017-8-17_22:11:55 T1=611.6880)
GlobalData Save...OK! (-1220712752)(T0=2017-8-17_22:12:19 T1=635.7270)
CommisionShop Save...OK! (-1220712752)(T0=2017-8-17_22:12:25 T1=641.7380)
ItemSerial Save...OK! Serial = 4647356 ,ServerID = 0 (-1220712752)(T0=2017-8-17_22:12:25 T1=641.7420)
GlobalData Save...OK! (-1220712752)(T0=2017-8-17_22:12:49 T1=665.7800)
CommisionShop Save...OK! (-1220712752)(T0=2017-8-17_22:12:55 T1=671.7880)
ItemSerial Save...OK! Serial = 4647376 ,ServerID = 0 (-1220712752)(T0=2017-8-17_22:12:55 T1=671.7930)
GlobalData Save...OK! (-1220712752)(T0=2017-8-17_22:13:19 T1=695.8300)
CommisionShop Save...OK! (-1220712752)(T0=2017-8-17_22:13:25 T1=701.8390)
ItemSerial Save...OK! Serial = 4647466 ,ServerID = 0 (-1220712752)(T0=2017-8-17_22:13:25 T1=701.8410)
GlobalData Save...OK! (-1220712752)(T0=2017-8-17_22:13:49 T1=725.8800)
CommisionShop Save...OK! (-1220712752)(T0=2017-8-17_22:13:55 T1=731.8900)
ItemSerial Save...OK! Serial = 4647486 ,ServerID = 0 (-1220712752)(T0=2017-8-17_22:13:55 T1=731.8930)
GlobalData Save...OK! (-1220712752)(T0=2017-8-17_22:14:19 T1=755.9310)
CommisionShop Save...OK! (-1220712752)(T0=2017-8-17_22:14:25 T1=761.9400)
ItemSerial Save...OK! Serial = 4647531 ,ServerID = 0 (-1220712752)(T0=2017-8-17_22:14:25 T1=761.9430)
GlobalData Save...OK! (-1220712752)(T0=2017-8-17_22:14:49 T1=785.9790)
CommisionShop Save...OK! (-1220712752)(T0=2017-8-17_22:14:55 T1=791.9880)
ItemSerial Save...OK! Serial = 4647551 ,ServerID = 0 (-1220712752)(T0=2017-8-17_22:14:55 T1=791.9910)
GlobalData Save...OK! (-1220712752)(T0=2017-8-17_22:15:20 T1=816.0270)
CommisionShop Save...OK! (-1220712752)(T0=2017-8-17_22:15:26 T1=822.0360)
ItemSerial Save...OK! Serial = 4647597 ,ServerID = 0 (-1220712752)(T0=2017-8-17_22:15:26 T1=822.0470)
GlobalData Save...OK! (-1220712752)(T0=2017-8-17_22:15:50 T1=846.0830)
CommisionShop Save...OK! (-1220712752)(T0=2017-8-17_22:15:56 T1=852.0920)
ItemSerial Save...OK! Serial = 4647617 ,ServerID = 0 (-1220712752)(T0=2017-8-17_22:15:56 T1=852.0950)
GlobalData Save...OK! (-1220712752)(T0=2017-8-17_22:16:20 T1=876.1300)
CommisionShop Save...OK! (-1220712752)(T0=2017-8-17_22:16:26 T1=882.1380)
ItemSerial Save...OK! Serial = 4647643 ,ServerID = 0 (-1220712752)(T0=2017-8-17_22:16:26 T1=882.1410)
GlobalData Save...OK! (-1220712752)(T0=2017-8-17_22:16:50 T1=906.1770)
CommisionShop Save...OK! (-1220712752)(T0=2017-8-17_22:16:56 T1=912.1860)
ItemSerial Save...OK! Serial = 4647645 ,ServerID = 0 (-1220712752)(T0=2017-8-17_22:16:56 T1=912.1890)
GlobalData Save...OK! (-1220712752)(T0=2017-8-17_22:17:20 T1=936.2240)
CommisionShop Save...OK! (-1220712752)(T0=2017-8-17_22:17:26 T1=942.2330)
ItemSerial Save...OK! Serial = 4647673 ,ServerID = 0 (-1220712752)(T0=2017-8-17_22:17:26 T1=942.2370)
GlobalData Save...OK! (-1220712752)(T0=2017-8-17_22:17:50 T1=966.2730)
CommisionShop Save...OK! (-1220712752)(T0=2017-8-17_22:17:56 T1=972.2810)
ItemSerial Save...OK! Serial = 4647675 ,ServerID = 0 (-1220712752)(T0=2017-8-17_22:17:56 T1=972.2840)
