Get Exit Commands (-1218828592)(T0=2016-3-17_9:58:4 T1=2670.1200)
End GuildSMU_2001 SaveAll...OK! (-1218828592)(T0=2016-3-17_9:58:47 T1=2713.5430)
SMUCount = 0 (-1218828592)(T0=2016-3-17_9:58:47 T1=2713.5430)
TotalSMUSize = 0 (-1218828592)(T0=2016-3-17_9:58:47 T1=2713.5430)
DBGeneralSet::GetValue(2) = 1 Successful! (-1218828592)(T0=2016-3-17_9:58:47 T1=2713.5440)
End MailSMU_3001 SaveAll...OK! (-1218828592)(T0=2016-3-17_9:58:47 T1=2713.5620)
SMUCount = 0 (-1218828592)(T0=2016-3-17_9:58:47 T1=2713.5620)
TotalSMUSize = 0 (-1218828592)(T0=2016-3-17_9:58:47 T1=2713.5630)
End PlayerShopSM_4001 SaveAll...OK! (-1218828592)(T0=2016-3-17_9:58:47 T1=2713.5630)
SMUCount = 0 (-1218828592)(T0=2016-3-17_9:58:47 T1=2713.5630)
TotalSMUSize = 0 (-1218828592)(T0=2016-3-17_9:58:47 T1=2713.5630)
DBGeneralSet::GetValue(1) = 1 Successful! (-1218828592)(T0=2016-3-17_9:58:47 T1=2713.5630)
GlobalData Save...OK! (-1218828592)(T0=2016-3-17_9:58:47 T1=2713.5660)
CommisionShop Save...OK! (-1218828592)(T0=2016-3-17_9:58:47 T1=2713.5660)
ItemSerial Save...OK! Serial = 7593604 ,ServerID = 0 (-1218828592)(T0=2016-3-17_9:58:47 T1=2713.5660)
End PetProcreateItemSM_8001 SaveAll...OK! (-1218828592)(T0=2016-3-17_9:58:47 T1=2713.5660)
SMUCount = 0 (-1218828592)(T0=2016-3-17_9:58:47 T1=2713.5660)
TotalSMUSize = 0 (-1218828592)(T0=2016-3-17_9:58:47 T1=2713.5660)
End CityInfoSM_9001 SaveAll...OK! (-1218828592)(T0=2016-3-17_9:58:48 T1=2714.5140)
SMUCount = 0 (-1218828592)(T0=2016-3-17_9:58:48 T1=2714.5140)
TotalSMUSize = 0 (-1218828592)(T0=2016-3-17_9:58:48 T1=2714.5140)
DBGeneralSet::GetValue(3) = 1 Successful! (-1218828592)(T0=2016-3-17_9:58:48 T1=2714.5150)
End GuildLeagueSMU_10001 SaveAll...OK! (-1218828592)(T0=2016-3-17_9:58:48 T1=2714.5150)
SMUCount = 0 (-1218828592)(T0=2016-3-17_9:58:48 T1=2714.5150)
TotalSMUSize = 0 (-1218828592)(T0=2016-3-17_9:58:48 T1=2714.5150)
End FindFreindADSMU_11001 SaveAll...OK! (-1218828592)(T0=2016-3-17_9:58:48 T1=2714.5170)
SMUCount = 0 (-1218828592)(T0=2016-3-17_9:58:48 T1=2714.5170)
TotalSMUSize = 0 (-1218828592)(T0=2016-3-17_9:58:48 T1=2714.5170)
Loop...End (-1218828592)(T0=2016-3-17_9:58:48 T1=2714.5170)
del SMUPool<HumanSMU>()...OK (-1218828592)(T0=2016-3-17_9:58:48 T1=2714.5170)
del SMULogicManager<HumanSMU>()...OK (-1218828592)(T0=2016-3-17_9:58:48 T1=2714.5170)
del SMUPool<GuildSMU>()...OK (-1218828592)(T0=2016-3-17_9:58:48 T1=2714.5170)
del SMULogicManager<GuildSMU>()...OK (-1218828592)(T0=2016-3-17_9:58:48 T1=2714.5170)
del SMUPool<MailSMU>()...OK (-1218828592)(T0=2016-3-17_9:58:48 T1=2714.5170)
del SMULogicManager<MailSMU>()...OK (-1218828592)(T0=2016-3-17_9:58:48 T1=2714.5170)
del SMUPool<PlayerShopSM>()...OK (-1218828592)(T0=2016-3-17_9:58:48 T1=2714.5170)
del SMULogicManager<PlayerShopSM>()...OK (-1218828592)(T0=2016-3-17_9:58:48 T1=2714.5170)
del SMUPool<GlobalDataSMU>()...OK (-1218828592)(T0=2016-3-17_9:58:48 T1=2714.5170)
del SMULogicManager<GlobalDataSMU>()...OK (-1218828592)(T0=2016-3-17_9:58:48 T1=2714.5170)
del SMUPool<CommisionShopSMU>()...OK (-1218828592)(T0=2016-3-17_9:58:48 T1=2714.5180)
del SMULogicManager<CommisionShopSMU>()...OK (-1218828592)(T0=2016-3-17_9:58:48 T1=2714.5180)
del SMUPool<ItemSerialKeySMU>()...OK (-1218828592)(T0=2016-3-17_9:58:48 T1=2714.5180)
del SMULogicManager<ItemSerialKeySMU>()...OK (-1218828592)(T0=2016-3-17_9:58:48 T1=2714.5180)
del SMUPool<PetProcreateItemSM>()...OK (-1218828592)(T0=2016-3-17_9:58:48 T1=2714.5180)
del SMULogicManager<PetProcreateItemSM>()...OK (-1218828592)(T0=2016-3-17_9:58:48 T1=2714.5180)
del SMUPool<CitySMU>()...OK (-1218828592)(T0=2016-3-17_9:58:48 T1=2714.5180)
del SMULogicManager<CitySMU>()...OK (-1218828592)(T0=2016-3-17_9:58:48 T1=2714.5180)
del SMUPool<GuildLeagueSMU>()...OK (-1218828592)(T0=2016-3-17_9:58:48 T1=2714.5180)
del SMULogicManager<GuildLeagueSMU>()...OK (-1218828592)(T0=2016-3-17_9:58:48 T1=2714.5180)
del SMUPool<FindFriendADSMU>()...OK (-1218828592)(T0=2016-3-17_9:58:48 T1=2714.5180)
del SMULogicManager<FindFriendADSMU>()...OK (-1218828592)(T0=2016-3-17_9:58:48 T1=2714.5180)
Exit ShareMemory Program (-1218828592)(T0=2016-3-17_9:58:48 T1=2714.5180)
