LWNotifyUserHandler...LNOTIFY_BILLING_DISCONNECT received, abandon all prize! (-1219491024)(T0=2016-9-19_9:36:32 T1=50.8030)
SendPacket! ID=287 (-1219491024)(T0=2016-9-19_9:36:32 T1=50.8640)
SSConnectHandler...ServerID=2 (-1219491024)(T0=2016-9-19_9:36:32 T1=50.8640)
LWNotifyUserHandler...LNOTIFY_BILLING_DISCONNECT received, abandon all prize! (-1219491024)(T0=2016-9-19_9:36:32 T1=50.8640)
LWNotifyUserHandler...LNOTIFY_BILLING_DISCONNECT received, abandon all prize! (-1219491024)(T0=2016-9-19_9:36:56 T1=74.3780)
LWNotifyUserHandler...LNOTIFY_BILLING_DISCONNECT received, abandon all prize! (-1219491024)(T0=2016-9-19_9:37:19 T1=97.8050)
LWNotifyUserHandler...LNOTIFY_BILLING_DISCONNECT received, abandon all prize! (-1219491024)(T0=2016-9-19_9:37:43 T1=121.0970)
LWNotifyUserHandler...LNOTIFY_BILLING_DISCONNECT received, abandon all prize! (-1219491024)(T0=2016-9-19_9:38:6 T1=144.6610)
SendPacket! ID=66 (-1219491024)(T0=2016-9-19_9:38:8 T1=146.1210)
SendPacket! ID=193 (-1219491024)(T0=2016-9-19_9:38:8 T1=146.1310)
SSConnectHandler...ServerID=0 (-1219491024)(T0=2016-9-19_9:38:8 T1=146.1310)
SendPacket! ID=414 (-1219491024)(T0=2016-9-19_9:38:8 T1=146.1320)
SendPacket! ID=414 (-1219491024)(T0=2016-9-19_9:38:8 T1=146.1440)
SendPacket! ID=414 (-1219491024)(T0=2016-9-19_9:38:8 T1=146.1440)
SendPacket! ID=414 (-1219491024)(T0=2016-9-19_9:38:8 T1=146.1440)
SendPacket! ID=414 (-1219491024)(T0=2016-9-19_9:38:8 T1=146.1440)
SendPacket! ID=414 (-1219491024)(T0=2016-9-19_9:38:8 T1=146.1440)
SendPacket! ID=414 (-1219491024)(T0=2016-9-19_9:38:8 T1=146.1440)
SendPacket! ID=248 (-1219491024)(T0=2016-9-19_9:38:11 T1=149.3600)
GWChatHandler...GUID=FFFFFFFF ChatType=4 Contex=#cff99ccChü nhân th§t sñ cüa #GNgân Ngai Tuyªt Nguyên là Xí Nga Vß½ng #cff99ccvî ðÕi ðã vung quy«n trßþng xu¤t hi®n tÕi lãnh th± cüa nó r°i! (-1219491024)(T0=2016-9-19_9:38:11 T1=149.3770)
SendPacket! ID=248 (-1219491024)(T0=2016-9-19_9:38:11 T1=149.8970)
GWChatHandler...GUID=FFFFFFFF ChatType=4 Contex=#cff99ccChü nhân th§t sñ cüa #GNgân Ngai Tuyªt Nguyên là Xí Nga Vß½ng #cff99ccvî ðÕi ðã vung quy«n trßþng xu¤t hi®n tÕi lãnh th± cüa nó r°i! (-1219491024)(T0=2016-9-19_9:38:11 T1=149.8970)
GWHeartBeatHandler...Incoming ServerID=0 (-1219491024)(T0=2016-9-19_9:38:25 T1=163.3200)
SendPacket! ID=614 (-1219491024)(T0=2016-9-19_9:38:25 T1=163.5330)
SendPacket! ID=614 (-1219491024)(T0=2016-9-19_9:38:25 T1=163.5330)
GWHeartBeatHandler...Deamon ServerID=0 (-1219491024)(T0=2016-9-19_9:38:25 T1=163.5330)
LWNotifyUserHandler...LNOTIFY_BILLING_DISCONNECT received, abandon all prize! (-1219491024)(T0=2016-9-19_9:38:29 T1=167.7300)
