LWNotifyUserHandler...LNOTIFY_BILLING_DISCONNECT received, abandon all prize! (-1218270416)(T0=2017-8-17_22:2:42 T1=48.6320)
SendPacket! ID=287 (-1218270416)(T0=2017-8-17_22:2:42 T1=48.6320)
SSConnectHandler...ServerID=2 (-1218270416)(T0=2017-8-17_22:2:42 T1=48.6320)
LWNotifyUserHandler...LNOTIFY_BILLING_DISCONNECT received, abandon all prize! (-1218270416)(T0=2017-8-17_22:2:42 T1=48.6320)
LWNotifyUserHandler...LNOTIFY_BILLING_DISCONNECT received, abandon all prize! (-1218270416)(T0=2017-8-17_22:3:6 T1=72.3410)
SendPacket! ID=66 (-1218270416)(T0=2017-8-17_22:3:14 T1=80.4410)
SendPacket! ID=193 (-1218270416)(T0=2017-8-17_22:3:14 T1=80.4520)
SSConnectHandler...ServerID=0 (-1218270416)(T0=2017-8-17_22:3:14 T1=80.4520)
SendPacket! ID=414 (-1218270416)(T0=2017-8-17_22:3:14 T1=80.4550)
SendPacket! ID=414 (-1218270416)(T0=2017-8-17_22:3:14 T1=80.4550)
SendPacket! ID=414 (-1218270416)(T0=2017-8-17_22:3:14 T1=80.4550)
SendPacket! ID=414 (-1218270416)(T0=2017-8-17_22:3:14 T1=80.4550)
SendPacket! ID=414 (-1218270416)(T0=2017-8-17_22:3:14 T1=80.4560)
SendPacket! ID=248 (-1218270416)(T0=2017-8-17_22:3:15 T1=81.2360)
GWChatHandler...GUID=FFFFFFFF ChatType=4 Contex=#cff99ccChü nhân th§t sñ cüa #GNgân Ngai Tuyªt Nguyên là Xí Nga Vß½ng #cff99ccvî ðÕi ðã vung quy«n trßþng xu¤t hi®n tÕi lãnh th± cüa nó r°i! (-1218270416)(T0=2017-8-17_22:3:15 T1=81.2550)
SendPacket! ID=248 (-1218270416)(T0=2017-8-17_22:3:20 T1=86.8040)
GWChatHandler...GUID=FFFFFFFF ChatType=4 Contex=#cff99ccChü nhân th§t sñ cüa #GNgân Ngai Tuyªt Nguyên là Xí Nga Vß½ng #cff99ccvî ðÕi ðã vung quy«n trßþng xu¤t hi®n tÕi lãnh th± cüa nó r°i! (-1218270416)(T0=2017-8-17_22:3:20 T1=86.8250)
LWNotifyUserHandler...LNOTIFY_BILLING_DISCONNECT received, abandon all prize! (-1218270416)(T0=2017-8-17_22:3:29 T1=95.4200)
GWHeartBeatHandler...Incoming ServerID=0 (-1218270416)(T0=2017-8-17_22:3:31 T1=97.3410)
SendPacket! ID=614 (-1218270416)(T0=2017-8-17_22:3:31 T1=97.3500)
SendPacket! ID=614 (-1218270416)(T0=2017-8-17_22:3:31 T1=97.3500)
GWHeartBeatHandler...Deamon ServerID=0 (-1218270416)(T0=2017-8-17_22:3:31 T1=97.3500)
GWHeartBeatHandler...Incoming ServerID=0 (-1218270416)(T0=2017-8-17_22:3:46 T1=112.3750)
SendPacket! ID=614 (-1218270416)(T0=2017-8-17_22:3:46 T1=112.3980)
SendPacket! ID=614 (-1218270416)(T0=2017-8-17_22:3:46 T1=112.3980)
GWHeartBeatHandler...Deamon ServerID=0 (-1218270416)(T0=2017-8-17_22:3:46 T1=112.3980)
LWNotifyUserHandler...LNOTIFY_BILLING_DISCONNECT received, abandon all prize! (-1218270416)(T0=2017-8-17_22:3:52 T1=118.5960)
GWHeartBeatHandler...Incoming ServerID=0 (-1218270416)(T0=2017-8-17_22:4:1 T1=127.3760)
SendPacket! ID=614 (-1218270416)(T0=2017-8-17_22:4:1 T1=127.5030)
SendPacket! ID=614 (-1218270416)(T0=2017-8-17_22:4:1 T1=127.5030)
GWHeartBeatHandler...Deamon ServerID=0 (-1218270416)(T0=2017-8-17_22:4:1 T1=127.5030)
LWNotifyUserHandler...LNOTIFY_BILLING_DISCONNECT received, abandon all prize! (-1218270416)(T0=2017-8-17_22:4:16 T1=141.9180)
GWHeartBeatHandler...Incoming ServerID=0 (-1218270416)(T0=2017-8-17_22:4:16 T1=142.4320)
SendPacket! ID=614 (-1218270416)(T0=2017-8-17_22:4:16 T1=142.5350)
SendPacket! ID=614 (-1218270416)(T0=2017-8-17_22:4:16 T1=142.5350)
GWHeartBeatHandler...Deamon ServerID=0 (-1218270416)(T0=2017-8-17_22:4:16 T1=142.5350)
SendPacket! ID=66 (-1218270416)(T0=2017-8-17_22:4:29 T1=155.0230)
GWHeartBeatHandler...Incoming ServerID=0 (-1218270416)(T0=2017-8-17_22:4:31 T1=157.4900)
SendPacket! ID=614 (-1218270416)(T0=2017-8-17_22:4:31 T1=157.5920)
SendPacket! ID=614 (-1218270416)(T0=2017-8-17_22:4:31 T1=157.5920)
GWHeartBeatHandler...Deamon ServerID=0 (-1218270416)(T0=2017-8-17_22:4:31 T1=157.5920)
LWNotifyUserHandler...LNOTIFY_BILLING_DISCONNECT received, abandon all prize! (-1218270416)(T0=2017-8-17_22:4:39 T1=165.1470)
GWHeartBeatHandler...Incoming ServerID=0 (-1218270416)(T0=2017-8-17_22:4:46 T1=172.5250)
SendPacket! ID=614 (-1218270416)(T0=2017-8-17_22:4:46 T1=172.6270)
SendPacket! ID=614 (-1218270416)(T0=2017-8-17_22:4:46 T1=172.6270)
GWHeartBeatHandler...Deamon ServerID=0 (-1218270416)(T0=2017-8-17_22:4:46 T1=172.6270)
GWHeartBeatHandler...Incoming ServerID=0 (-1218270416)(T0=2017-8-17_22:5:1 T1=187.4890)
SendPacket! ID=614 (-1218270416)(T0=2017-8-17_22:5:1 T1=187.7950)
SendPacket! ID=614 (-1218270416)(T0=2017-8-17_22:5:1 T1=187.7950)
GWHeartBeatHandler...Deamon ServerID=0 (-1218270416)(T0=2017-8-17_22:5:1 T1=187.7950)
LWNotifyUserHandler...LNOTIFY_BILLING_DISCONNECT received, abandon all prize! (-1218270416)(T0=2017-8-17_22:5:2 T1=188.3040)
GWHeartBeatHandler...Incoming ServerID=0 (-1218270416)(T0=2017-8-17_22:5:16 T1=202.6110)
SendPacket! ID=614 (-1218270416)(T0=2017-8-17_22:5:17 T1=202.9170)
SendPacket! ID=614 (-1218270416)(T0=2017-8-17_22:5:17 T1=202.9170)
GWHeartBeatHandler...Deamon ServerID=0 (-1218270416)(T0=2017-8-17_22:5:17 T1=202.9170)
LWNotifyUserHandler...LNOTIFY_BILLING_DISCONNECT received, abandon all prize! (-1218270416)(T0=2017-8-17_22:5:25 T1=211.6170)
LWNotifyUserHandler...LNOTIFY_BILLING_DISCONNECT received, abandon all prize! (-1218270416)(T0=2017-8-17_22:5:28 T1=214.8290)
GWHeartBeatHandler...Incoming ServerID=0 (-1218270416)(T0=2017-8-17_22:5:31 T1=217.6190)
SendPacket! ID=614 (-1218270416)(T0=2017-8-17_22:5:32 T1=218.1340)
SendPacket! ID=614 (-1218270416)(T0=2017-8-17_22:5:32 T1=218.1340)
GWHeartBeatHandler...Deamon ServerID=0 (-1218270416)(T0=2017-8-17_22:5:32 T1=218.1340)
GWHeartBeatHandler...Incoming ServerID=0 (-1218270416)(T0=2017-8-17_22:5:46 T1=232.6160)
SendPacket! ID=614 (-1218270416)(T0=2017-8-17_22:5:47 T1=233.1270)
SendPacket! ID=614 (-1218270416)(T0=2017-8-17_22:5:47 T1=233.1270)
GWHeartBeatHandler...Deamon ServerID=0 (-1218270416)(T0=2017-8-17_22:5:47 T1=233.1270)
GWHeartBeatHandler...Incoming ServerID=0 (-1218270416)(T0=2017-8-17_22:6:1 T1=247.6690)
SendPacket! ID=614 (-1218270416)(T0=2017-8-17_22:6:2 T1=248.2020)
SendPacket! ID=614 (-1218270416)(T0=2017-8-17_22:6:2 T1=248.2020)
GWHeartBeatHandler...Deamon ServerID=0 (-1218270416)(T0=2017-8-17_22:6:2 T1=248.2020)
LWNotifyUserHandler...acc=gamera ask status ok! (-1218270416)(T0=2017-8-17_22:6:2 T1=248.4350)
SendPacket! ID=358 (-1218270416)(T0=2017-8-17_22:6:2 T1=248.4350)
GWHeartBeatHandler...Incoming ServerID=0 (-1218270416)(T0=2017-8-17_22:6:16 T1=262.7350)
SendPacket! ID=614 (-1218270416)(T0=2017-8-17_22:6:17 T1=263.2670)
SendPacket! ID=614 (-1218270416)(T0=2017-8-17_22:6:17 T1=263.2670)
GWHeartBeatHandler...Deamon ServerID=0 (-1218270416)(T0=2017-8-17_22:6:17 T1=263.2670)
GWHeartBeatHandler...Incoming ServerID=0 (-1218270416)(T0=2017-8-17_22:6:31 T1=277.7890)
SendPacket! ID=614 (-1218270416)(T0=2017-8-17_22:6:32 T1=278.3000)
SendPacket! ID=614 (-1218270416)(T0=2017-8-17_22:6:32 T1=278.3000)
GWHeartBeatHandler...Deamon ServerID=0 (-1218270416)(T0=2017-8-17_22:6:32 T1=278.3000)
GWHeartBeatHandler...Incoming ServerID=0 (-1218270416)(T0=2017-8-17_22:6:46 T1=292.8080)
SendPacket! ID=614 (-1218270416)(T0=2017-8-17_22:6:47 T1=293.3320)
SendPacket! ID=614 (-1218270416)(T0=2017-8-17_22:6:47 T1=293.3320)
GWHeartBeatHandler...Deamon ServerID=0 (-1218270416)(T0=2017-8-17_22:6:47 T1=293.3320)
SendPacket! ID=91 (-1218270416)(T0=2017-8-17_22:6:57 T1=303.8660)
LWAskCharLoginHandler...No User,CharGUID = 3C33609F (-1218270416)(T0=2017-8-17_22:6:57 T1=303.8660)
SendPacket! ID=470 (-1218270416)(T0=2017-8-17_22:7:1 T1=307.2350)
LWAskCharLoginHandler...ALSCENDDATA GUID=3C33609F Name=Shame AccName=gamera, AccountSafeSign=0 (-1218270416)(T0=2017-8-17_22:7:1 T1=307.2470)
SendPacket! ID=614 (-1218270416)(T0=2017-8-17_22:7:1 T1=307.3520)
SendPacket! ID=614 (-1218270416)(T0=2017-8-17_22:7:1 T1=307.3520)
SendPacket! ID=66 (-1218270416)(T0=2017-8-17_22:7:1 T1=307.3520)
GWHeartBeatHandler...Incoming ServerID=0 (-1218270416)(T0=2017-8-17_22:7:1 T1=307.8670)
SendPacket! ID=91 (-1218270416)(T0=2017-8-17_22:7:2 T1=308.0240)
LWRetBillingStart...acc=gamera Success,GUID=3C33609F (-1218270416)(T0=2017-8-17_22:7:2 T1=308.0240)
SendPacket! ID=614 (-1218270416)(T0=2017-8-17_22:7:2 T1=308.4330)
SendPacket! ID=614 (-1218270416)(T0=2017-8-17_22:7:2 T1=308.4330)
GWHeartBeatHandler...Deamon ServerID=0 (-1218270416)(T0=2017-8-17_22:7:2 T1=308.4330)
SendPacket! ID=234 (-1218270416)(T0=2017-8-17_22:7:3 T1=308.9990)
GWAskUserDataHandler...User GUID=3C33609F Status=1 (-1218270416)(T0=2017-8-17_22:7:3 T1=308.9990)
GWNotifyUserHandler...GUID=3C33609F acc=gamera change scene finish! (-1218270416)(T0=2017-8-17_22:7:3 T1=309.6130)
SendPacket! ID=95 (-1218270416)(T0=2017-8-17_22:7:14 T1=320.7910)
SendPacket! ID=354 (-1218270416)(T0=2017-8-17_22:7:14 T1=320.8140)
SendPacket! ID=574 (-1218270416)(T0=2017-8-17_22:7:14 T1=320.8140)
GWRelationHandler...GUID=3C33609F type=12 (-1218270416)(T0=2017-8-17_22:7:14 T1=320.8140)
SendPacket! ID=268 (-1218270416)(T0=2017-8-17_22:7:14 T1=320.8890)
GWMailHandler...sGUID=FFFFFFFF sName= dName=Shame (-1218270416)(T0=2017-8-17_22:7:14 T1=320.8890)
SendPacket! ID=268 (-1218270416)(T0=2017-8-17_22:7:14 T1=320.8890)
GWMailHandler...sGUID=FFFFFFFF sName= dName=Shame (-1218270416)(T0=2017-8-17_22:7:14 T1=320.8890)
SendPacket! ID=268 (-1218270416)(T0=2017-8-17_22:7:15 T1=321.0940)
GWHeartBeatHandler...Incoming ServerID=0 (-1218270416)(T0=2017-8-17_22:7:16 T1=322.8720)
SendPacket! ID=614 (-1218270416)(T0=2017-8-17_22:7:17 T1=323.5020)
SendPacket! ID=614 (-1218270416)(T0=2017-8-17_22:7:17 T1=323.5020)
GWHeartBeatHandler...Deamon ServerID=0 (-1218270416)(T0=2017-8-17_22:7:17 T1=323.5020)
GWHeartBeatHandler...Incoming ServerID=0 (-1218270416)(T0=2017-8-17_22:7:31 T1=337.8980)
SendPacket! ID=614 (-1218270416)(T0=2017-8-17_22:7:32 T1=338.5380)
SendPacket! ID=614 (-1218270416)(T0=2017-8-17_22:7:32 T1=338.5380)
GWHeartBeatHandler...Deamon ServerID=0 (-1218270416)(T0=2017-8-17_22:7:32 T1=338.5380)
GWHeartBeatHandler...Incoming ServerID=0 (-1218270416)(T0=2017-8-17_22:7:47 T1=352.9450)
SendPacket! ID=614 (-1218270416)(T0=2017-8-17_22:7:47 T1=353.5790)
SendPacket! ID=614 (-1218270416)(T0=2017-8-17_22:7:47 T1=353.5790)
GWHeartBeatHandler...Deamon ServerID=0 (-1218270416)(T0=2017-8-17_22:7:47 T1=353.5790)
GWHeartBeatHandler...Incoming ServerID=0 (-1218270416)(T0=2017-8-17_22:8:2 T1=367.9970)
SendPacket! ID=614 (-1218270416)(T0=2017-8-17_22:8:2 T1=368.6120)
SendPacket! ID=614 (-1218270416)(T0=2017-8-17_22:8:2 T1=368.6120)
GWHeartBeatHandler...Deamon ServerID=0 (-1218270416)(T0=2017-8-17_22:8:2 T1=368.6120)
GWHeartBeatHandler...User GUID=3C33609F Status=2! (-1218270416)(T0=2017-8-17_22:8:3 T1=369.6410)
GWHeartBeatHandler...Incoming ServerID=0 (-1218270416)(T0=2017-8-17_22:8:17 T1=383.0450)
SendPacket! ID=614 (-1218270416)(T0=2017-8-17_22:8:17 T1=383.6630)
SendPacket! ID=614 (-1218270416)(T0=2017-8-17_22:8:17 T1=383.6630)
GWHeartBeatHandler...Deamon ServerID=0 (-1218270416)(T0=2017-8-17_22:8:17 T1=383.6630)
SendPacket! ID=193 (-1218270416)(T0=2017-8-17_22:8:29 T1=395.8400)
GWNotifyGlobalDataHandler...count=1 (-1218270416)(T0=2017-8-17_22:8:29 T1=395.8400)
GWHeartBeatHandler...Incoming ServerID=0 (-1218270416)(T0=2017-8-17_22:8:32 T1=397.9930)
SendPacket! ID=614 (-1218270416)(T0=2017-8-17_22:8:32 T1=398.7070)
SendPacket! ID=614 (-1218270416)(T0=2017-8-17_22:8:32 T1=398.7070)
GWHeartBeatHandler...Deamon ServerID=0 (-1218270416)(T0=2017-8-17_22:8:32 T1=398.7070)
GWHeartBeatHandler...Incoming ServerID=0 (-1218270416)(T0=2017-8-17_22:8:47 T1=413.1480)
SendPacket! ID=614 (-1218270416)(T0=2017-8-17_22:8:47 T1=413.7670)
SendPacket! ID=614 (-1218270416)(T0=2017-8-17_22:8:47 T1=413.7670)
GWHeartBeatHandler...Deamon ServerID=0 (-1218270416)(T0=2017-8-17_22:8:47 T1=413.7670)
GWHeartBeatHandler...Incoming ServerID=0 (-1218270416)(T0=2017-8-17_22:9:2 T1=428.1930)
SendPacket! ID=614 (-1218270416)(T0=2017-8-17_22:9:2 T1=428.8070)
SendPacket! ID=614 (-1218270416)(T0=2017-8-17_22:9:2 T1=428.8070)
GWHeartBeatHandler...Deamon ServerID=0 (-1218270416)(T0=2017-8-17_22:9:2 T1=428.8070)
GWHeartBeatHandler...User GUID=3C33609F Status=2! (-1218270416)(T0=2017-8-17_22:9:3 T1=429.7280)
GWHeartBeatHandler...Incoming ServerID=0 (-1218270416)(T0=2017-8-17_22:9:17 T1=443.1480)
SendPacket! ID=614 (-1218270416)(T0=2017-8-17_22:9:17 T1=443.8630)
SendPacket! ID=614 (-1218270416)(T0=2017-8-17_22:9:17 T1=443.8630)
GWHeartBeatHandler...Deamon ServerID=0 (-1218270416)(T0=2017-8-17_22:9:17 T1=443.8630)
SendPacket! ID=66 (-1218270416)(T0=2017-8-17_22:9:31 T1=457.3720)
GWHeartBeatHandler...Incoming ServerID=0 (-1218270416)(T0=2017-8-17_22:9:32 T1=458.1910)
SendPacket! ID=614 (-1218270416)(T0=2017-8-17_22:9:33 T1=458.9070)
SendPacket! ID=614 (-1218270416)(T0=2017-8-17_22:9:33 T1=458.9070)
GWHeartBeatHandler...Deamon ServerID=0 (-1218270416)(T0=2017-8-17_22:9:33 T1=458.9070)
GWHeartBeatHandler...Incoming ServerID=0 (-1218270416)(T0=2017-8-17_22:9:47 T1=473.2210)
SendPacket! ID=614 (-1218270416)(T0=2017-8-17_22:9:48 T1=473.9430)
SendPacket! ID=614 (-1218270416)(T0=2017-8-17_22:9:48 T1=473.9430)
GWHeartBeatHandler...Deamon ServerID=0 (-1218270416)(T0=2017-8-17_22:9:48 T1=473.9430)
GWHeartBeatHandler...Incoming ServerID=0 (-1218270416)(T0=2017-8-17_22:10:2 T1=488.2550)
SendPacket! ID=614 (-1218270416)(T0=2017-8-17_22:10:3 T1=488.9700)
SendPacket! ID=614 (-1218270416)(T0=2017-8-17_22:10:3 T1=488.9700)
GWHeartBeatHandler...Deamon ServerID=0 (-1218270416)(T0=2017-8-17_22:10:3 T1=488.9700)
GWHeartBeatHandler...User GUID=3C33609F Status=2! (-1218270416)(T0=2017-8-17_22:10:3 T1=489.6870)
GWHeartBeatHandler...Incoming ServerID=0 (-1218270416)(T0=2017-8-17_22:10:17 T1=503.3690)
SendPacket! ID=614 (-1218270416)(T0=2017-8-17_22:10:18 T1=504.0820)
SendPacket! ID=614 (-1218270416)(T0=2017-8-17_22:10:18 T1=504.0820)
GWHeartBeatHandler...Deamon ServerID=0 (-1218270416)(T0=2017-8-17_22:10:18 T1=504.0820)
GWHeartBeatHandler...Incoming ServerID=0 (-1218270416)(T0=2017-8-17_22:10:32 T1=518.2980)
SendPacket! ID=614 (-1218270416)(T0=2017-8-17_22:10:33 T1=519.1180)
SendPacket! ID=614 (-1218270416)(T0=2017-8-17_22:10:33 T1=519.1180)
GWHeartBeatHandler...Deamon ServerID=0 (-1218270416)(T0=2017-8-17_22:10:33 T1=519.1180)
GWHeartBeatHandler...Incoming ServerID=0 (-1218270416)(T0=2017-8-17_22:10:47 T1=533.3150)
SendPacket! ID=614 (-1218270416)(T0=2017-8-17_22:10:48 T1=534.1560)
SendPacket! ID=614 (-1218270416)(T0=2017-8-17_22:10:48 T1=534.1560)
GWHeartBeatHandler...Deamon ServerID=0 (-1218270416)(T0=2017-8-17_22:10:48 T1=534.1560)
GWHeartBeatHandler...Incoming ServerID=0 (-1218270416)(T0=2017-8-17_22:11:2 T1=548.3880)
SendPacket! ID=614 (-1218270416)(T0=2017-8-17_22:11:3 T1=549.1270)
SendPacket! ID=614 (-1218270416)(T0=2017-8-17_22:11:3 T1=549.1270)
GWHeartBeatHandler...Deamon ServerID=0 (-1218270416)(T0=2017-8-17_22:11:3 T1=549.1270)
GWHeartBeatHandler...User GUID=3C33609F Status=2! (-1218270416)(T0=2017-8-17_22:11:3 T1=549.7400)
GWHeartBeatHandler...Incoming ServerID=0 (-1218270416)(T0=2017-8-17_22:11:17 T1=563.4690)
SendPacket! ID=614 (-1218270416)(T0=2017-8-17_22:11:18 T1=564.1930)
SendPacket! ID=614 (-1218270416)(T0=2017-8-17_22:11:18 T1=564.1930)
GWHeartBeatHandler...Deamon ServerID=0 (-1218270416)(T0=2017-8-17_22:11:18 T1=564.1930)
GWHeartBeatHandler...Incoming ServerID=0 (-1218270416)(T0=2017-8-17_22:11:32 T1=578.4150)
SendPacket! ID=614 (-1218270416)(T0=2017-8-17_22:11:33 T1=579.3330)
SendPacket! ID=614 (-1218270416)(T0=2017-8-17_22:11:33 T1=579.3340)
GWHeartBeatHandler...Deamon ServerID=0 (-1218270416)(T0=2017-8-17_22:11:33 T1=579.3340)
GWHeartBeatHandler...Incoming ServerID=0 (-1218270416)(T0=2017-8-17_22:11:47 T1=593.5450)
SendPacket! ID=614 (-1218270416)(T0=2017-8-17_22:11:48 T1=594.2920)
SendPacket! ID=614 (-1218270416)(T0=2017-8-17_22:11:48 T1=594.2920)
GWHeartBeatHandler...Deamon ServerID=0 (-1218270416)(T0=2017-8-17_22:11:48 T1=594.2920)
MailCenter:HeartBeat Before UserNode=5 (-1218270416)(T0=2017-8-17_22:11:59 T1=605.0290)
MailCenter:HeartBeat After MailNode=6 UserNode=5 (-1218270416)(T0=2017-8-17_22:11:59 T1=605.0290)
SendPacket! ID=66 (-1218270416)(T0=2017-8-17_22:12:1 T1=607.3810)
GWHeartBeatHandler...Incoming ServerID=0 (-1218270416)(T0=2017-8-17_22:12:2 T1=608.5190)
SendPacket! ID=614 (-1218270416)(T0=2017-8-17_22:12:3 T1=609.4390)
SendPacket! ID=614 (-1218270416)(T0=2017-8-17_22:12:3 T1=609.4390)
GWHeartBeatHandler...Deamon ServerID=0 (-1218270416)(T0=2017-8-17_22:12:3 T1=609.4390)
GWHeartBeatHandler...User GUID=3C33609F Status=2! (-1218270416)(T0=2017-8-17_22:12:3 T1=609.7470)
GWHeartBeatHandler...Incoming ServerID=0 (-1218270416)(T0=2017-8-17_22:12:17 T1=623.5870)
SendPacket! ID=614 (-1218270416)(T0=2017-8-17_22:12:18 T1=624.4240)
SendPacket! ID=614 (-1218270416)(T0=2017-8-17_22:12:18 T1=624.4240)
GWHeartBeatHandler...Deamon ServerID=0 (-1218270416)(T0=2017-8-17_22:12:18 T1=624.4240)
GWHeartBeatHandler...Incoming ServerID=0 (-1218270416)(T0=2017-8-17_22:12:32 T1=638.6330)
SendPacket! ID=614 (-1218270416)(T0=2017-8-17_22:12:33 T1=639.5660)
SendPacket! ID=614 (-1218270416)(T0=2017-8-17_22:12:33 T1=639.5660)
GWHeartBeatHandler...Deamon ServerID=0 (-1218270416)(T0=2017-8-17_22:12:33 T1=639.5660)
GWNotifyUserHandler...GUID=3C33609F acc=gamera ready change scene! (-1218270416)(T0=2017-8-17_22:12:45 T1=651.0040)
SendPacket! ID=669 (-1218270416)(T0=2017-8-17_22:12:45 T1=651.1060)
GWAskChangeSceneHandler...GUID=3C33609F,S=0,D=2! (-1218270416)(T0=2017-8-17_22:12:45 T1=651.1060)
SendPacket! ID=614 (-1218270416)(T0=2017-8-17_22:12:45 T1=651.2090)
SendPacket! ID=614 (-1218270416)(T0=2017-8-17_22:12:45 T1=651.2090)
GWNotifyUserHandler...GUID=3C33609F acc=gamera change scene finish! (-1218270416)(T0=2017-8-17_22:12:45 T1=651.6170)
SendPacket! ID=268 (-1218270416)(T0=2017-8-17_22:12:45 T1=651.6170)
GWHeartBeatHandler...Incoming ServerID=0 (-1218270416)(T0=2017-8-17_22:12:47 T1=653.6650)
SendPacket! ID=614 (-1218270416)(T0=2017-8-17_22:12:48 T1=654.5830)
SendPacket! ID=614 (-1218270416)(T0=2017-8-17_22:12:48 T1=654.5830)
GWHeartBeatHandler...Deamon ServerID=0 (-1218270416)(T0=2017-8-17_22:12:48 T1=654.5830)
SendPacket! ID=95 (-1218270416)(T0=2017-8-17_22:12:51 T1=657.8530)
SendPacket! ID=354 (-1218270416)(T0=2017-8-17_22:12:51 T1=657.8560)
GWHeartBeatHandler...Incoming ServerID=0 (-1218270416)(T0=2017-8-17_22:13:2 T1=668.6850)
SendPacket! ID=614 (-1218270416)(T0=2017-8-17_22:13:3 T1=669.6040)
SendPacket! ID=614 (-1218270416)(T0=2017-8-17_22:13:3 T1=669.6040)
GWHeartBeatHandler...Deamon ServerID=0 (-1218270416)(T0=2017-8-17_22:13:3 T1=669.6040)
GWHeartBeatHandler...Incoming ServerID=0 (-1218270416)(T0=2017-8-17_22:13:17 T1=683.7210)
SendPacket! ID=614 (-1218270416)(T0=2017-8-17_22:13:18 T1=684.6610)
SendPacket! ID=614 (-1218270416)(T0=2017-8-17_22:13:18 T1=684.6610)
GWHeartBeatHandler...Deamon ServerID=0 (-1218270416)(T0=2017-8-17_22:13:18 T1=684.6610)
GWHeartBeatHandler...Incoming ServerID=0 (-1218270416)(T0=2017-8-17_22:13:32 T1=698.7780)
SendPacket! ID=614 (-1218270416)(T0=2017-8-17_22:13:33 T1=699.6950)
SendPacket! ID=614 (-1218270416)(T0=2017-8-17_22:13:33 T1=699.6950)
GWHeartBeatHandler...Deamon ServerID=0 (-1218270416)(T0=2017-8-17_22:13:33 T1=699.6950)
GWHeartBeatHandler...User GUID=3C33609F Status=2! (-1218270416)(T0=2017-8-17_22:13:45 T1=711.7560)
GWHeartBeatHandler...Incoming ServerID=0 (-1218270416)(T0=2017-8-17_22:13:47 T1=713.8020)
SendPacket! ID=614 (-1218270416)(T0=2017-8-17_22:13:48 T1=714.7210)
SendPacket! ID=614 (-1218270416)(T0=2017-8-17_22:13:48 T1=714.7210)
GWHeartBeatHandler...Deamon ServerID=0 (-1218270416)(T0=2017-8-17_22:13:48 T1=714.7210)
GWHeartBeatHandler...Incoming ServerID=0 (-1218270416)(T0=2017-8-17_22:14:2 T1=728.8330)
SendPacket! ID=614 (-1218270416)(T0=2017-8-17_22:14:3 T1=729.8560)
SendPacket! ID=614 (-1218270416)(T0=2017-8-17_22:14:3 T1=729.8560)
GWHeartBeatHandler...Deamon ServerID=0 (-1218270416)(T0=2017-8-17_22:14:3 T1=729.8560)
GWHeartBeatHandler...Incoming ServerID=0 (-1218270416)(T0=2017-8-17_22:14:17 T1=743.8750)
SendPacket! ID=614 (-1218270416)(T0=2017-8-17_22:14:19 T1=744.9030)
SendPacket! ID=614 (-1218270416)(T0=2017-8-17_22:14:19 T1=744.9030)
GWHeartBeatHandler...Deamon ServerID=0 (-1218270416)(T0=2017-8-17_22:14:19 T1=744.9030)
SendPacket! ID=66 (-1218270416)(T0=2017-8-17_22:14:31 T1=757.4750)
GWHeartBeatHandler...Incoming ServerID=0 (-1218270416)(T0=2017-8-17_22:14:33 T1=758.9090)
SendPacket! ID=614 (-1218270416)(T0=2017-8-17_22:14:34 T1=759.9300)
SendPacket! ID=614 (-1218270416)(T0=2017-8-17_22:14:34 T1=759.9300)
GWHeartBeatHandler...Deamon ServerID=0 (-1218270416)(T0=2017-8-17_22:14:34 T1=759.9300)
GWHeartBeatHandler...User GUID=3C33609F Status=2! (-1218270416)(T0=2017-8-17_22:14:45 T1=771.6930)
GWHeartBeatHandler...Incoming ServerID=0 (-1218270416)(T0=2017-8-17_22:14:48 T1=773.9430)
SendPacket! ID=614 (-1218270416)(T0=2017-8-17_22:14:49 T1=774.9650)
SendPacket! ID=614 (-1218270416)(T0=2017-8-17_22:14:49 T1=774.9650)
GWHeartBeatHandler...Deamon ServerID=0 (-1218270416)(T0=2017-8-17_22:14:49 T1=774.9650)
SendPacket! ID=414 (-1218270416)(T0=2017-8-17_22:15:0 T1=785.9990)
SendPacket! ID=248 (-1218270416)(T0=2017-8-17_22:15:0 T1=786.3060)
GWChatHandler...GUID=FFFFFFFF ChatType=4 Contex=@*;SrvMsg;SCA:#{YZW_20080317_02} (-1218270416)(T0=2017-8-17_22:15:0 T1=786.3060)
GWHeartBeatHandler...Incoming ServerID=0 (-1218270416)(T0=2017-8-17_22:15:3 T1=788.9700)
SendPacket! ID=614 (-1218270416)(T0=2017-8-17_22:15:4 T1=789.9900)
SendPacket! ID=614 (-1218270416)(T0=2017-8-17_22:15:4 T1=789.9900)
GWHeartBeatHandler...Deamon ServerID=0 (-1218270416)(T0=2017-8-17_22:15:4 T1=789.9900)
GWHeartBeatHandler...Incoming ServerID=0 (-1218270416)(T0=2017-8-17_22:15:18 T1=803.9830)
SendPacket! ID=614 (-1218270416)(T0=2017-8-17_22:15:19 T1=805.1050)
SendPacket! ID=614 (-1218270416)(T0=2017-8-17_22:15:19 T1=805.1050)
GWHeartBeatHandler...Deamon ServerID=0 (-1218270416)(T0=2017-8-17_22:15:19 T1=805.1050)
GWHeartBeatHandler...Incoming ServerID=0 (-1218270416)(T0=2017-8-17_22:15:33 T1=819.0230)
SendPacket! ID=614 (-1218270416)(T0=2017-8-17_22:15:34 T1=820.1490)
SendPacket! ID=614 (-1218270416)(T0=2017-8-17_22:15:34 T1=820.1490)
GWHeartBeatHandler...Deamon ServerID=0 (-1218270416)(T0=2017-8-17_22:15:34 T1=820.1490)
GWHeartBeatHandler...User GUID=3C33609F Status=2! (-1218270416)(T0=2017-8-17_22:15:45 T1=831.6990)
GWHeartBeatHandler...Incoming ServerID=0 (-1218270416)(T0=2017-8-17_22:15:48 T1=834.0470)
SendPacket! ID=614 (-1218270416)(T0=2017-8-17_22:15:49 T1=835.1690)
SendPacket! ID=614 (-1218270416)(T0=2017-8-17_22:15:49 T1=835.1690)
GWHeartBeatHandler...Deamon ServerID=0 (-1218270416)(T0=2017-8-17_22:15:49 T1=835.1690)
SendPacket! ID=665 (-1218270416)(T0=2017-8-17_22:15:53 T1=839.8630)
GWAskMailHandler...GUID=3C33609F Name=Shame MailCount=1 LeftCount=1 (-1218270416)(T0=2017-8-17_22:15:53 T1=839.8630)
GWRelationHandler...GUID=3C33609F User name=Thông tin hß¾ng dçn not find! (-1218270416)(T0=2017-8-17_22:15:54 T1=840.2850)
SendPacket! ID=665 (-1218270416)(T0=2017-8-17_22:15:56 T1=842.0210)
GWAskMailHandler...GUID=3C33609F Name=Shame MailCount=1 LeftCount=0 (-1218270416)(T0=2017-8-17_22:15:56 T1=842.0210)
SendPacket! ID=665 (-1218270416)(T0=2017-8-17_22:15:56 T1=842.2250)
GWHeartBeatHandler...Incoming ServerID=0 (-1218270416)(T0=2017-8-17_22:16:3 T1=849.0820)
SendPacket! ID=614 (-1218270416)(T0=2017-8-17_22:16:4 T1=850.2090)
SendPacket! ID=614 (-1218270416)(T0=2017-8-17_22:16:4 T1=850.2090)
GWHeartBeatHandler...Deamon ServerID=0 (-1218270416)(T0=2017-8-17_22:16:4 T1=850.2090)
GWHeartBeatHandler...Incoming ServerID=0 (-1218270416)(T0=2017-8-17_22:16:18 T1=864.0940)
SendPacket! ID=614 (-1218270416)(T0=2017-8-17_22:16:19 T1=865.3210)
SendPacket! ID=614 (-1218270416)(T0=2017-8-17_22:16:19 T1=865.3210)
GWHeartBeatHandler...Deamon ServerID=0 (-1218270416)(T0=2017-8-17_22:16:19 T1=865.3210)
GWHeartBeatHandler...Incoming ServerID=0 (-1218270416)(T0=2017-8-17_22:16:33 T1=879.2090)
SendPacket! ID=614 (-1218270416)(T0=2017-8-17_22:16:34 T1=880.3400)
SendPacket! ID=614 (-1218270416)(T0=2017-8-17_22:16:34 T1=880.3400)
GWHeartBeatHandler...Deamon ServerID=0 (-1218270416)(T0=2017-8-17_22:16:34 T1=880.3400)
GWHeartBeatHandler...User GUID=3C33609F Status=2! (-1218270416)(T0=2017-8-17_22:16:45 T1=891.7800)
GWHeartBeatHandler...Incoming ServerID=0 (-1218270416)(T0=2017-8-17_22:16:48 T1=894.2330)
SendPacket! ID=614 (-1218270416)(T0=2017-8-17_22:16:49 T1=895.4580)
SendPacket! ID=614 (-1218270416)(T0=2017-8-17_22:16:49 T1=895.4580)
GWHeartBeatHandler...Deamon ServerID=0 (-1218270416)(T0=2017-8-17_22:16:49 T1=895.4580)
SendPacket! ID=66 (-1218270416)(T0=2017-8-17_22:17:1 T1=907.5370)
GWHeartBeatHandler...Incoming ServerID=0 (-1218270416)(T0=2017-8-17_22:17:3 T1=909.2790)
SendPacket! ID=614 (-1218270416)(T0=2017-8-17_22:17:4 T1=910.5050)
SendPacket! ID=614 (-1218270416)(T0=2017-8-17_22:17:4 T1=910.5050)
GWHeartBeatHandler...Deamon ServerID=0 (-1218270416)(T0=2017-8-17_22:17:4 T1=910.5050)
GWHeartBeatHandler...Incoming ServerID=0 (-1218270416)(T0=2017-8-17_22:17:18 T1=924.2920)
SendPacket! ID=614 (-1218270416)(T0=2017-8-17_22:17:19 T1=925.5210)
SendPacket! ID=614 (-1218270416)(T0=2017-8-17_22:17:19 T1=925.5210)
GWHeartBeatHandler...Deamon ServerID=0 (-1218270416)(T0=2017-8-17_22:17:19 T1=925.5210)
GWHeartBeatHandler...Incoming ServerID=0 (-1218270416)(T0=2017-8-17_22:17:33 T1=939.3110)
SendPacket! ID=614 (-1218270416)(T0=2017-8-17_22:17:34 T1=940.5350)
SendPacket! ID=614 (-1218270416)(T0=2017-8-17_22:17:34 T1=940.5350)
GWHeartBeatHandler...Deamon ServerID=0 (-1218270416)(T0=2017-8-17_22:17:34 T1=940.5350)
GWHeartBeatHandler...User GUID=3C33609F Status=2! (-1218270416)(T0=2017-8-17_22:17:45 T1=951.7970)
GWHeartBeatHandler...Incoming ServerID=0 (-1218270416)(T0=2017-8-17_22:17:48 T1=954.3500)
SendPacket! ID=614 (-1218270416)(T0=2017-8-17_22:17:49 T1=955.5750)
SendPacket! ID=614 (-1218270416)(T0=2017-8-17_22:17:49 T1=955.5750)
GWHeartBeatHandler...Deamon ServerID=0 (-1218270416)(T0=2017-8-17_22:17:49 T1=955.5750)
GWHeartBeatHandler...Incoming ServerID=0 (-1218270416)(T0=2017-8-17_22:18:3 T1=969.4070)
SendPacket! ID=614 (-1218270416)(T0=2017-8-17_22:18:4 T1=970.6300)
SendPacket! ID=614 (-1218270416)(T0=2017-8-17_22:18:4 T1=970.6300)
GWHeartBeatHandler...Deamon ServerID=0 (-1218270416)(T0=2017-8-17_22:18:4 T1=970.6300)
